{"meta": {"format": 3, "version": "7.13.1", "timestamp": "2026-05-17T22:48:46.080047", "branch_coverage": false, "show_contexts": false}, "files": {"scripts/analyze_scene_clustering.py": {"executed_lines": [], "summary": {"covered_lines": 0, "num_statements": 112, "percent_covered": 0.0, "percent_covered_display": "0", "missing_lines": 112, "excluded_lines": 0, "percent_statements_covered": 0.0, "percent_statements_covered_display": "0"}, "missing_lines": [7, 8, 9, 10, 11, 13, 20, 22, 23, 24, 25, 26, 27, 28, 29, 30, 31, 32, 33, 36, 37, 38, 39, 40, 43, 44, 45, 46, 47, 48, 59, 60, 61, 62, 63, 64, 65, 66, 67, 69, 70, 73, 74, 84, 85, 86, 87, 92, 94, 95, 96, 98, 99, 100, 101, 106, 107, 108, 109, 110, 111, 112, 113, 114, 115, 116, 118, 119, 120, 121, 122, 123, 125, 126, 129, 130, 131, 132, 134, 136, 147, 148, 151, 152, 153, 154, 155, 156, 157, 158, 160, 161, 162, 164, 165, 166, 167, 169, 171, 172, 173, 174, 175, 176, 177, 182, 201, 240, 241, 242, 245, 246], "excluded_lines": [], "functions": {"parse_duration_real": {"executed_lines": [], "summary": {"covered_lines": 0, "num_statements": 12, "percent_covered": 0.0, "percent_covered_display": "0", "missing_lines": 12, "excluded_lines": 0, "percent_statements_covered": 0.0, "percent_statements_covered_display": "0"}, "missing_lines": [22, 23, 24, 25, 26, 27, 28, 29, 30, 31, 32, 33], "excluded_lines": [], "start_line": 20}, "ts_to_dt": {"executed_lines": [], "summary": {"covered_lines": 0, "num_statements": 4, "percent_covered": 0.0, "percent_covered_display": "0", "missing_lines": 4, "excluded_lines": 0, "percent_statements_covered": 0.0, "percent_statements_covered_display": "0"}, "missing_lines": [37, 38, 39, 40], "excluded_lines": [], "start_line": 36}, "stats_dict": {"executed_lines": [], "summary": {"covered_lines": 0, "num_statements": 5, "percent_covered": 0.0, "percent_covered_display": "0", "missing_lines": 5, "excluded_lines": 0, "percent_statements_covered": 0.0, "percent_statements_covered_display": "0"}, "missing_lines": [44, 45, 46, 47, 48], "excluded_lines": [], "start_line": 43}, "bucket_durations": {"executed_lines": [], "summary": {"covered_lines": 0, "num_statements": 10, "percent_covered": 0.0, "percent_covered_display": "0", "missing_lines": 10, "excluded_lines": 0, "percent_statements_covered": 0.0, "percent_statements_covered_display": "0"}, "missing_lines": [60, 61, 62, 63, 64, 65, 66, 67, 69, 70], "excluded_lines": [], "start_line": 59}, "fmt_stats_row": {"executed_lines": [], "summary": {"covered_lines": 0, "num_statements": 1, "percent_covered": 0.0, "percent_covered_display": "0", "missing_lines": 1, "excluded_lines": 0, "percent_statements_covered": 0.0, "percent_statements_covered_display": "0"}, "missing_lines": [74], "excluded_lines": [], "start_line": 73}, "main": {"executed_lines": [], "summary": {"covered_lines": 0, "num_statements": 66, "percent_covered": 0.0, "percent_covered_display": "0", "missing_lines": 66, "excluded_lines": 0, "percent_statements_covered": 0.0, "percent_statements_covered_display": "0"}, "missing_lines": [85, 86, 87, 92, 94, 95, 96, 98, 99, 100, 101, 106, 107, 108, 109, 110, 111, 112, 113, 114, 115, 116, 118, 119, 120, 121, 122, 123, 125, 126, 129, 130, 131, 132, 134, 136, 147, 148, 151, 152, 153, 154, 155, 156, 157, 158, 160, 161, 162, 164, 165, 166, 167, 169, 171, 172, 173, 174, 175, 176, 177, 182, 201, 240, 241, 242], "excluded_lines": [], "start_line": 84}, "": {"executed_lines": [], "summary": {"covered_lines": 0, "num_statements": 14, "percent_covered": 0.0, "percent_covered_display": "0", "missing_lines": 14, "excluded_lines": 0, "percent_statements_covered": 0.0, "percent_statements_covered_display": "0"}, "missing_lines": [7, 8, 9, 10, 11, 13, 20, 36, 43, 59, 73, 84, 245, 246], "excluded_lines": [], "start_line": 1}}, "classes": {"": {"executed_lines": [], "summary": {"covered_lines": 0, "num_statements": 112, "percent_covered": 0.0, "percent_covered_display": "0", "missing_lines": 112, "excluded_lines": 0, "percent_statements_covered": 0.0, "percent_statements_covered_display": "0"}, "missing_lines": [7, 8, 9, 10, 11, 13, 20, 22, 23, 24, 25, 26, 27, 28, 29, 30, 31, 32, 33, 36, 37, 38, 39, 40, 43, 44, 45, 46, 47, 48, 59, 60, 61, 62, 63, 64, 65, 66, 67, 69, 70, 73, 74, 84, 85, 86, 87, 92, 94, 95, 96, 98, 99, 100, 101, 106, 107, 108, 109, 110, 111, 112, 113, 114, 115, 116, 118, 119, 120, 121, 122, 123, 125, 126, 129, 130, 131, 132, 134, 136, 147, 148, 151, 152, 153, 154, 155, 156, 157, 158, 160, 161, 162, 164, 165, 166, 167, 169, 171, 172, 173, 174, 175, 176, 177, 182, 201, 240, 241, 242, 245, 246], "excluded_lines": [], "start_line": 1}}}, "scripts/apply_players_status.py": {"executed_lines": [6, 7, 8, 9, 10, 11, 12, 14, 15, 16, 19, 23, 24, 32, 33, 34, 38, 39, 41, 42, 43, 46, 48, 49, 50, 52, 55, 65, 66, 73, 74, 75, 76, 84, 85, 86, 87, 88, 90, 91, 96, 97, 98, 104, 110, 111, 112, 113, 114, 115, 116, 117, 121, 122, 123, 124, 126, 127, 128, 141, 142, 145, 146, 147, 154, 157, 177, 255], "summary": {"covered_lines": 68, "num_statements": 131, "percent_covered": 51.908396946564885, "percent_covered_display": "52", "missing_lines": 63, "excluded_lines": 0, "percent_statements_covered": 51.908396946564885, "percent_statements_covered_display": "52"}, "missing_lines": [25, 26, 27, 28, 29, 30, 35, 36, 40, 44, 89, 92, 93, 94, 99, 100, 101, 102, 130, 131, 132, 133, 134, 135, 136, 137, 138, 148, 149, 151, 152, 159, 160, 161, 162, 164, 165, 166, 167, 169, 170, 173, 174, 179, 182, 188, 197, 206, 212, 218, 221, 222, 223, 226, 227, 231, 232, 233, 237, 240, 243, 252, 256], "excluded_lines": [], "functions": {"load_players_mapping": {"executed_lines": [23, 24, 32, 33, 34, 38, 39, 41, 42, 43, 46, 48, 49, 50, 52], "summary": {"covered_lines": 15, "num_statements": 25, "percent_covered": 60.0, "percent_covered_display": "60", "missing_lines": 10, "excluded_lines": 0, "percent_statements_covered": 60.0, "percent_statements_covered_display": "60"}, "missing_lines": [25, 26, 27, 28, 29, 30, 35, 36, 40, 44], "excluded_lines": [], "start_line": 19}, "process_messages": {"executed_lines": [65, 66, 73, 74, 75, 76, 84, 85, 86, 87, 88, 90, 91, 96, 97, 98, 104, 110, 111, 112, 113, 114, 115, 116, 117, 121, 122, 123, 124, 126, 127, 128, 141, 142, 145, 146, 147, 154], "summary": {"covered_lines": 38, "num_statements": 59, "percent_covered": 64.40677966101696, "percent_covered_display": "64", "missing_lines": 21, "excluded_lines": 0, "percent_statements_covered": 64.40677966101696, "percent_statements_covered_display": "64"}, "missing_lines": [89, 92, 93, 94, 99, 100, 101, 102, 130, 131, 132, 133, 134, 135, 136, 137, 138, 148, 149, 151, 152], "excluded_lines": [], "start_line": 55}, "print_stats": {"executed_lines": [], "summary": {"covered_lines": 0, "num_statements": 12, "percent_covered": 0.0, "percent_covered_display": "0", "missing_lines": 12, "excluded_lines": 0, "percent_statements_covered": 0.0, "percent_statements_covered_display": "0"}, "missing_lines": [159, 160, 161, 162, 164, 165, 166, 167, 169, 170, 173, 174], "excluded_lines": [], "start_line": 157}, "main": {"executed_lines": [], "summary": {"covered_lines": 0, "num_statements": 19, "percent_covered": 0.0, "percent_covered_display": "0", "missing_lines": 19, "excluded_lines": 0, "percent_statements_covered": 0.0, "percent_statements_covered_display": "0"}, "missing_lines": [179, 182, 188, 197, 206, 212, 218, 221, 222, 223, 226, 227, 231, 232, 233, 237, 240, 243, 252], "excluded_lines": [], "start_line": 177}, "": {"executed_lines": [6, 7, 8, 9, 10, 11, 12, 14, 15, 16, 19, 55, 157, 177, 255], "summary": {"covered_lines": 15, "num_statements": 16, "percent_covered": 93.75, "percent_covered_display": "94", "missing_lines": 1, "excluded_lines": 0, "percent_statements_covered": 93.75, "percent_statements_covered_display": "94"}, "missing_lines": [256], "excluded_lines": [], "start_line": 1}}, "classes": {"": {"executed_lines": [6, 7, 8, 9, 10, 11, 12, 14, 15, 16, 19, 23, 24, 32, 33, 34, 38, 39, 41, 42, 43, 46, 48, 49, 50, 52, 55, 65, 66, 73, 74, 75, 76, 84, 85, 86, 87, 88, 90, 91, 96, 97, 98, 104, 110, 111, 112, 113, 114, 115, 116, 117, 121, 122, 123, 124, 126, 127, 128, 141, 142, 145, 146, 147, 154, 157, 177, 255], "summary": {"covered_lines": 68, "num_statements": 131, "percent_covered": 51.908396946564885, "percent_covered_display": "52", "missing_lines": 63, "excluded_lines": 0, "percent_statements_covered": 51.908396946564885, "percent_statements_covered_display": "52"}, "missing_lines": [25, 26, 27, 28, 29, 30, 35, 36, 40, 44, 89, 92, 93, 94, 99, 100, 101, 102, 130, 131, 132, 133, 134, 135, 136, 137, 138, 148, 149, 151, 152, 159, 160, 161, 162, 164, 165, 166, 167, 169, 170, 173, 174, 179, 182, 188, 197, 206, 212, 218, 221, 222, 223, 226, 227, 231, 232, 233, 237, 240, 243, 252, 256], "excluded_lines": [], "start_line": 1}}}, "scripts/build_chromadb_index.py": {"executed_lines": [11, 12, 13, 14, 15, 16, 17, 19, 20, 21, 22, 24, 32, 43, 45, 46, 47, 48, 49, 50, 51, 52, 53, 54, 55, 63, 65, 66, 69, 73, 75, 76, 84, 91, 92, 98, 99, 100, 101, 109, 117, 118, 119, 120, 122, 123, 125, 126, 129, 131, 132, 133, 135, 136, 140, 141, 145, 146, 147, 148, 150, 151, 152, 162, 163, 164, 165, 168, 195, 196, 197, 198, 200, 202, 203, 204, 205, 206, 207, 211, 212, 213, 214, 216, 218, 219, 220, 221, 224, 230, 231, 232, 233, 234, 236, 237, 238, 239, 240, 242, 243, 244, 245, 250, 252, 253, 254, 256, 257, 259, 260, 261, 262, 263, 264, 265, 266, 267, 268, 270, 277, 278, 283, 291, 292, 293, 294, 296, 299, 302, 361, 367, 368, 369, 370, 372, 373, 374, 375, 376, 377, 378, 379, 380, 381, 382, 385, 386, 389, 390, 391, 392, 393, 394, 398, 399, 405, 406, 407, 408, 409, 411, 412, 413, 421, 492], "summary": {"covered_lines": 166, "num_statements": 277, "percent_covered": 59.92779783393502, "percent_covered_display": "60", "missing_lines": 111, "excluded_lines": 0, "percent_statements_covered": 59.92779783393502, "percent_statements_covered_display": "60"}, "missing_lines": [34, 39, 40, 74, 134, 137, 138, 142, 169, 170, 171, 173, 175, 176, 177, 178, 179, 180, 181, 182, 183, 184, 185, 186, 187, 189, 190, 192, 208, 209, 210, 246, 247, 248, 251, 255, 258, 279, 280, 281, 297, 308, 309, 310, 311, 313, 314, 316, 317, 318, 319, 320, 321, 322, 323, 325, 326, 327, 329, 330, 331, 332, 334, 335, 336, 337, 338, 340, 341, 350, 351, 352, 353, 355, 356, 358, 383, 384, 387, 388, 395, 396, 397, 410, 422, 425, 429, 433, 437, 441, 445, 449, 453, 457, 461, 463, 464, 465, 466, 468, 476, 477, 478, 479, 480, 482, 483, 484, 486, 489, 493], "excluded_lines": [], "functions": {"embed_text": {"executed_lines": [], "summary": {"covered_lines": 0, "num_statements": 3, "percent_covered": 0.0, "percent_covered_display": "0", "missing_lines": 3, "excluded_lines": 0, "percent_statements_covered": 0.0, "percent_statements_covered_display": "0"}, "missing_lines": [34, 39, 40], "excluded_lines": [], "start_line": 32}, "chunk_text": {"executed_lines": [45, 46, 47, 48, 49, 50, 51, 52, 53, 54, 55], "summary": {"covered_lines": 11, "num_statements": 11, "percent_covered": 100.0, "percent_covered_display": "100", "missing_lines": 0, "excluded_lines": 0, "percent_statements_covered": 100.0, "percent_statements_covered_display": "100"}, "missing_lines": [], "excluded_lines": [], "start_line": 43}, "is_already_indexed": {"executed_lines": [65, 66], "summary": {"covered_lines": 2, "num_statements": 2, "percent_covered": 100.0, "percent_covered_display": "100", "missing_lines": 0, "excluded_lines": 0, "percent_statements_covered": 100.0, "percent_statements_covered_display": "100"}, "missing_lines": [], "excluded_lines": [], "start_line": 63}, "filter_existing_ids": {"executed_lines": [73, 75, 76], "summary": {"covered_lines": 3, "num_statements": 4, "percent_covered": 75.0, "percent_covered_display": "75", "missing_lines": 1, "excluded_lines": 0, "percent_statements_covered": 75.0, "percent_statements_covered_display": "75"}, "missing_lines": [74], "excluded_lines": [], "start_line": 69}, "_flush": {"executed_lines": [91, 92, 98, 99, 100, 101], "summary": {"covered_lines": 6, "num_statements": 6, "percent_covered": 100.0, "percent_covered_display": "100", "missing_lines": 0, "excluded_lines": 0, "percent_statements_covered": 100.0, "percent_statements_covered_display": "100"}, "missing_lines": [], "excluded_lines": [], "start_line": 84}, "index_messages": {"executed_lines": [117, 118, 119, 120, 122, 123, 125, 126, 129, 131, 132, 133, 135, 136, 140, 141, 145, 146, 147, 148, 150, 151, 152, 162, 163, 164, 165, 168, 195, 196, 197, 198, 200, 202, 203, 204, 205, 206, 207, 211, 212, 213, 214, 216, 218, 219, 220, 221], "summary": {"covered_lines": 48, "num_statements": 75, "percent_covered": 64.0, "percent_covered_display": "64", "missing_lines": 27, "excluded_lines": 0, "percent_statements_covered": 64.0, "percent_statements_covered_display": "64"}, "missing_lines": [134, 137, 138, 142, 169, 170, 171, 173, 175, 176, 177, 178, 179, 180, 181, 182, 183, 184, 185, 186, 187, 189, 190, 192, 208, 209, 210], "excluded_lines": [], "start_line": 109}, "index_characters": {"executed_lines": [230, 231, 232, 233, 234, 236, 237, 238, 239, 240, 242, 243, 244, 245, 250, 252, 253, 254, 256, 257, 259, 260, 261, 262, 263, 264, 265, 266, 267, 268, 270, 277, 278, 283, 291, 292, 293, 294, 296, 299], "summary": {"covered_lines": 40, "num_statements": 50, "percent_covered": 80.0, "percent_covered_display": "80", "missing_lines": 10, "excluded_lines": 0, "percent_statements_covered": 80.0, "percent_statements_covered_display": "80"}, "missing_lines": [246, 247, 248, 251, 255, 258, 279, 280, 281, 297], "excluded_lines": [], "start_line": 224}, "index_scenes": {"executed_lines": [], "summary": {"covered_lines": 0, "num_statements": 35, "percent_covered": 0.0, "percent_covered_display": "0", "missing_lines": 35, "excluded_lines": 0, "percent_statements_covered": 0.0, "percent_statements_covered_display": "0"}, "missing_lines": [308, 309, 310, 311, 313, 314, 316, 317, 318, 319, 320, 321, 322, 323, 325, 326, 327, 329, 330, 331, 332, 334, 335, 336, 337, 338, 340, 341, 350, 351, 352, 353, 355, 356, 358], "excluded_lines": [], "start_line": 302}, "index_scenes_yaml": {"executed_lines": [367, 368, 369, 370, 372, 373, 374, 375, 376, 377, 378, 379, 380, 381, 382, 385, 386, 389, 390, 391, 392, 393, 394, 398, 399, 405, 406, 407, 408, 409, 411, 412, 413], "summary": {"covered_lines": 33, "num_statements": 41, "percent_covered": 80.48780487804878, "percent_covered_display": "80", "missing_lines": 8, "excluded_lines": 0, "percent_statements_covered": 80.48780487804878, "percent_statements_covered_display": "80"}, "missing_lines": [383, 384, 387, 388, 395, 396, 397, 410], "excluded_lines": [], "start_line": 361}, "main": {"executed_lines": [], "summary": {"covered_lines": 0, "num_statements": 26, "percent_covered": 0.0, "percent_covered_display": "0", "missing_lines": 26, "excluded_lines": 0, "percent_statements_covered": 0.0, "percent_statements_covered_display": "0"}, "missing_lines": [422, 425, 429, 433, 437, 441, 445, 449, 453, 457, 461, 463, 464, 465, 466, 468, 476, 477, 478, 479, 480, 482, 483, 484, 486, 489], "excluded_lines": [], "start_line": 421}, "": {"executed_lines": [11, 12, 13, 14, 15, 16, 17, 19, 20, 21, 22, 24, 32, 43, 63, 69, 84, 109, 224, 302, 361, 421, 492], "summary": {"covered_lines": 23, "num_statements": 24, "percent_covered": 95.83333333333333, "percent_covered_display": "96", "missing_lines": 1, "excluded_lines": 0, "percent_statements_covered": 95.83333333333333, "percent_statements_covered_display": "96"}, "missing_lines": [493], "excluded_lines": [], "start_line": 1}}, "classes": {"": {"executed_lines": [11, 12, 13, 14, 15, 16, 17, 19, 20, 21, 22, 24, 32, 43, 45, 46, 47, 48, 49, 50, 51, 52, 53, 54, 55, 63, 65, 66, 69, 73, 75, 76, 84, 91, 92, 98, 99, 100, 101, 109, 117, 118, 119, 120, 122, 123, 125, 126, 129, 131, 132, 133, 135, 136, 140, 141, 145, 146, 147, 148, 150, 151, 152, 162, 163, 164, 165, 168, 195, 196, 197, 198, 200, 202, 203, 204, 205, 206, 207, 211, 212, 213, 214, 216, 218, 219, 220, 221, 224, 230, 231, 232, 233, 234, 236, 237, 238, 239, 240, 242, 243, 244, 245, 250, 252, 253, 254, 256, 257, 259, 260, 261, 262, 263, 264, 265, 266, 267, 268, 270, 277, 278, 283, 291, 292, 293, 294, 296, 299, 302, 361, 367, 368, 369, 370, 372, 373, 374, 375, 376, 377, 378, 379, 380, 381, 382, 385, 386, 389, 390, 391, 392, 393, 394, 398, 399, 405, 406, 407, 408, 409, 411, 412, 413, 421, 492], "summary": {"covered_lines": 166, "num_statements": 277, "percent_covered": 59.92779783393502, "percent_covered_display": "60", "missing_lines": 111, "excluded_lines": 0, "percent_statements_covered": 59.92779783393502, "percent_statements_covered_display": "60"}, "missing_lines": [34, 39, 40, 74, 134, 137, 138, 142, 169, 170, 171, 173, 175, 176, 177, 178, 179, 180, 181, 182, 183, 184, 185, 186, 187, 189, 190, 192, 208, 209, 210, 246, 247, 248, 251, 255, 258, 279, 280, 281, 297, 308, 309, 310, 311, 313, 314, 316, 317, 318, 319, 320, 321, 322, 323, 325, 326, 327, 329, 330, 331, 332, 334, 335, 336, 337, 338, 340, 341, 350, 351, 352, 353, 355, 356, 358, 383, 384, 387, 388, 395, 396, 397, 410, 422, 425, 429, 433, 437, 441, 445, 449, 453, 457, 461, 463, 464, 465, 466, 468, 476, 477, 478, 479, 480, 482, 483, 484, 486, 489, 493], "excluded_lines": [], "start_line": 1}}}, "scripts/classify_messages.py": {"executed_lines": [9, 10, 11, 12, 13, 14, 16, 17, 21, 27, 31, 41, 43, 44, 45, 46, 47, 48, 49, 50, 53, 66, 67, 68, 69, 70, 72, 74, 75, 84, 85, 86, 87, 88, 90, 91, 92, 93, 94, 96, 110, 111, 112, 113, 116, 119, 122, 123, 124, 125, 126, 127, 130, 131, 132, 133, 134, 135, 136, 137, 138, 145, 147, 148, 149, 152, 165, 172, 232], "summary": {"covered_lines": 69, "num_statements": 136, "percent_covered": 50.73529411764706, "percent_covered_display": "51", "missing_lines": 67, "excluded_lines": 0, "percent_statements_covered": 50.73529411764706, "percent_statements_covered_display": "51"}, "missing_lines": [89, 95, 97, 98, 99, 108, 117, 139, 140, 141, 142, 144, 154, 155, 156, 157, 158, 159, 160, 161, 162, 167, 168, 169, 173, 174, 175, 176, 177, 184, 185, 187, 189, 190, 191, 193, 194, 196, 198, 199, 201, 202, 203, 204, 205, 206, 207, 208, 209, 210, 211, 212, 213, 214, 215, 216, 217, 218, 220, 221, 222, 223, 225, 226, 227, 229, 233], "excluded_lines": [], "functions": {"rule_based_fallback": {"executed_lines": [43, 44, 45, 46, 47, 48, 49, 50], "summary": {"covered_lines": 8, "num_statements": 8, "percent_covered": 100.0, "percent_covered_display": "100", "missing_lines": 0, "excluded_lines": 0, "percent_statements_covered": 100.0, "percent_statements_covered_display": "100"}, "missing_lines": [], "excluded_lines": [], "start_line": 41}, "classify_batch": {"executed_lines": [66, 67, 68, 69, 70, 72, 74, 75, 84, 85, 86, 87, 88, 90, 91, 92, 93, 94, 96, 110, 111, 112, 113, 116, 119, 122, 123, 124, 125, 126, 127, 130, 131, 132, 133, 134, 135, 136, 137, 138, 145, 147, 148, 149], "summary": {"covered_lines": 44, "num_statements": 56, "percent_covered": 78.57142857142857, "percent_covered_display": "79", "missing_lines": 12, "excluded_lines": 0, "percent_statements_covered": 78.57142857142857, "percent_statements_covered_display": "79"}, "missing_lines": [89, 95, 97, 98, 99, 108, 117, 139, 140, 141, 142, 144], "excluded_lines": [], "start_line": 53}, "read_jsonl": {"executed_lines": [], "summary": {"covered_lines": 0, "num_statements": 9, "percent_covered": 0.0, "percent_covered_display": "0", "missing_lines": 9, "excluded_lines": 0, "percent_statements_covered": 0.0, "percent_statements_covered_display": "0"}, "missing_lines": [154, 155, 156, 157, 158, 159, 160, 161, 162], "excluded_lines": [], "start_line": 152}, "write_jsonl": {"executed_lines": [], "summary": {"covered_lines": 0, "num_statements": 3, "percent_covered": 0.0, "percent_covered_display": "0", "missing_lines": 3, "excluded_lines": 0, "percent_statements_covered": 0.0, "percent_statements_covered_display": "0"}, "missing_lines": [167, 168, 169], "excluded_lines": [], "start_line": 165}, "main": {"executed_lines": [], "summary": {"covered_lines": 0, "num_statements": 42, "percent_covered": 0.0, "percent_covered_display": "0", "missing_lines": 42, "excluded_lines": 0, "percent_statements_covered": 0.0, "percent_statements_covered_display": "0"}, "missing_lines": [173, 174, 175, 176, 177, 184, 185, 187, 189, 190, 191, 193, 194, 196, 198, 199, 201, 202, 203, 204, 205, 206, 207, 208, 209, 210, 211, 212, 213, 214, 215, 216, 217, 218, 220, 221, 222, 223, 225, 226, 227, 229], "excluded_lines": [], "start_line": 172}, "": {"executed_lines": [9, 10, 11, 12, 13, 14, 16, 17, 21, 27, 31, 41, 53, 152, 165, 172, 232], "summary": {"covered_lines": 17, "num_statements": 18, "percent_covered": 94.44444444444444, "percent_covered_display": "94", "missing_lines": 1, "excluded_lines": 0, "percent_statements_covered": 94.44444444444444, "percent_statements_covered_display": "94"}, "missing_lines": [233], "excluded_lines": [], "start_line": 1}}, "classes": {"": {"executed_lines": [9, 10, 11, 12, 13, 14, 16, 17, 21, 27, 31, 41, 43, 44, 45, 46, 47, 48, 49, 50, 53, 66, 67, 68, 69, 70, 72, 74, 75, 84, 85, 86, 87, 88, 90, 91, 92, 93, 94, 96, 110, 111, 112, 113, 116, 119, 122, 123, 124, 125, 126, 127, 130, 131, 132, 133, 134, 135, 136, 137, 138, 145, 147, 148, 149, 152, 165, 172, 232], "summary": {"covered_lines": 69, "num_statements": 136, "percent_covered": 50.73529411764706, "percent_covered_display": "51", "missing_lines": 67, "excluded_lines": 0, "percent_statements_covered": 50.73529411764706, "percent_statements_covered_display": "51"}, "missing_lines": [89, 95, 97, 98, 99, 108, 117, 139, 140, 141, 142, 144, 154, 155, 156, 157, 158, 159, 160, 161, 162, 167, 168, 169, 173, 174, 175, 176, 177, 184, 185, 187, 189, 190, 191, 193, 194, 196, 198, 199, 201, 202, 203, 204, 205, 206, 207, 208, 209, 210, 211, 212, 213, 214, 215, 216, 217, 218, 220, 221, 222, 223, 225, 226, 227, 229, 233], "excluded_lines": [], "start_line": 1}}}, "scripts/discord_bot.py": {"executed_lines": [3, 4, 5, 6, 7, 8, 9, 10, 11, 13, 14, 15, 18, 19, 27, 30, 31, 32, 33, 34, 36, 37, 41, 42, 45, 46, 47, 48, 49, 52, 56, 57, 58, 59, 62, 63, 69, 70, 71, 95, 96, 97, 110, 111, 121, 122, 133, 154], "summary": {"covered_lines": 48, "num_statements": 103, "percent_covered": 46.601941747572816, "percent_covered_display": "47", "missing_lines": 55, "excluded_lines": 0, "percent_statements_covered": 46.601941747572816, "percent_statements_covered_display": "47"}, "missing_lines": [50, 51, 64, 65, 76, 77, 78, 84, 85, 86, 87, 88, 89, 90, 91, 92, 98, 99, 100, 101, 102, 103, 104, 105, 106, 107, 112, 113, 114, 115, 116, 118, 123, 124, 125, 126, 127, 128, 129, 134, 135, 136, 138, 139, 140, 141, 143, 144, 145, 146, 147, 148, 149, 151, 155], "excluded_lines": [], "functions": {"get_state_path": {"executed_lines": [42], "summary": {"covered_lines": 1, "num_statements": 1, "percent_covered": 100.0, "percent_covered_display": "100", "missing_lines": 0, "excluded_lines": 0, "percent_statements_covered": 100.0, "percent_statements_covered_display": "100"}, "missing_lines": [], "excluded_lines": [], "start_line": 41}, "load_guild_state": {"executed_lines": [46, 47, 48, 49, 52], "summary": {"covered_lines": 5, "num_statements": 7, "percent_covered": 71.42857142857143, "percent_covered_display": "71", "missing_lines": 2, "excluded_lines": 0, "percent_statements_covered": 71.42857142857143, "percent_statements_covered_display": "71"}, "missing_lines": [50, 51], "excluded_lines": [], "start_line": 45}, "on_ready": {"executed_lines": [], "summary": {"covered_lines": 0, "num_statements": 2, "percent_covered": 0.0, "percent_covered_display": "0", "missing_lines": 2, "excluded_lines": 0, "percent_statements_covered": 0.0, "percent_statements_covered_display": "0"}, "missing_lines": [64, 65], "excluded_lines": [], "start_line": 63}, "scene_gen": {"executed_lines": [], "summary": {"covered_lines": 0, "num_statements": 12, "percent_covered": 0.0, "percent_covered_display": "0", "missing_lines": 12, "excluded_lines": 0, "percent_statements_covered": 0.0, "percent_statements_covered_display": "0"}, "missing_lines": [76, 77, 78, 84, 85, 86, 87, 88, 89, 90, 91, 92], "excluded_lines": [], "start_line": 71}, "mascot_state": {"executed_lines": [], "summary": {"covered_lines": 0, "num_statements": 10, "percent_covered": 0.0, "percent_covered_display": "0", "missing_lines": 10, "excluded_lines": 0, "percent_statements_covered": 0.0, "percent_statements_covered_display": "0"}, "missing_lines": [98, 99, 100, 101, 102, 103, 104, 105, 106, 107], "excluded_lines": [], "start_line": 97}, "narrative_status": {"executed_lines": [], "summary": {"covered_lines": 0, "num_statements": 6, "percent_covered": 0.0, "percent_covered_display": "0", "missing_lines": 6, "excluded_lines": 0, "percent_statements_covered": 0.0, "percent_statements_covered_display": "0"}, "missing_lines": [112, 113, 114, 115, 116, 118], "excluded_lines": [], "start_line": 111}, "narrative_reset": {"executed_lines": [], "summary": {"covered_lines": 0, "num_statements": 7, "percent_covered": 0.0, "percent_covered_display": "0", "missing_lines": 7, "excluded_lines": 0, "percent_statements_covered": 0.0, "percent_statements_covered_display": "0"}, "missing_lines": [123, 124, 125, 126, 127, 128, 129], "excluded_lines": [], "start_line": 122}, "main": {"executed_lines": [], "summary": {"covered_lines": 0, "num_statements": 12, "percent_covered": 0.0, "percent_covered_display": "0", "missing_lines": 12, "excluded_lines": 0, "percent_statements_covered": 0.0, "percent_statements_covered_display": "0"}, "missing_lines": [134, 135, 136, 138, 139, 140, 141, 143, 144, 148, 149, 151], "excluded_lines": [], "start_line": 133}, "main._sync": {"executed_lines": [], "summary": {"covered_lines": 0, "num_statements": 3, "percent_covered": 0.0, "percent_covered_display": "0", "missing_lines": 3, "excluded_lines": 0, "percent_statements_covered": 0.0, "percent_statements_covered_display": "0"}, "missing_lines": [145, 146, 147], "excluded_lines": [], "start_line": 144}, "": {"executed_lines": [3, 4, 5, 6, 7, 8, 9, 10, 11, 13, 14, 15, 18, 19, 27, 30, 31, 32, 33, 34, 36, 37, 41, 45, 56, 57, 58, 59, 62, 63, 69, 70, 71, 95, 96, 97, 110, 111, 121, 122, 133, 154], "summary": {"covered_lines": 42, "num_statements": 43, "percent_covered": 97.67441860465117, "percent_covered_display": "98", "missing_lines": 1, "excluded_lines": 0, "percent_statements_covered": 97.67441860465117, "percent_statements_covered_display": "98"}, "missing_lines": [155], "excluded_lines": [], "start_line": 1}}, "classes": {"": {"executed_lines": [3, 4, 5, 6, 7, 8, 9, 10, 11, 13, 14, 15, 18, 19, 27, 30, 31, 32, 33, 34, 36, 37, 41, 42, 45, 46, 47, 48, 49, 52, 56, 57, 58, 59, 62, 63, 69, 70, 71, 95, 96, 97, 110, 111, 121, 122, 133, 154], "summary": {"covered_lines": 48, "num_statements": 103, "percent_covered": 46.601941747572816, "percent_covered_display": "47", "missing_lines": 55, "excluded_lines": 0, "percent_statements_covered": 46.601941747572816, "percent_statements_covered_display": "47"}, "missing_lines": [50, 51, 64, 65, 76, 77, 78, 84, 85, 86, 87, 88, 89, 90, 91, 92, 98, 99, 100, 101, 102, 103, 104, 105, 106, 107, 112, 113, 114, 115, 116, 118, 123, 124, 125, 126, 127, 128, 129, 134, 135, 136, 138, 139, 140, 141, 143, 144, 145, 146, 147, 148, 149, 151, 155], "excluded_lines": [], "start_line": 1}}}, "scripts/extract_lora_corpus.py": {"executed_lines": [], "summary": {"covered_lines": 0, "num_statements": 77, "percent_covered": 0.0, "percent_covered_display": "0", "missing_lines": 77, "excluded_lines": 0, "percent_statements_covered": 0.0, "percent_statements_covered_display": "0"}, "missing_lines": [2, 3, 4, 5, 6, 7, 8, 9, 12, 13, 14, 15, 16, 17, 18, 19, 21, 22, 24, 25, 26, 28, 29, 30, 31, 32, 33, 34, 35, 36, 37, 38, 41, 44, 45, 46, 47, 48, 49, 50, 52, 53, 54, 55, 58, 59, 60, 61, 67, 69, 70, 72, 74, 75, 76, 77, 79, 90, 91, 95, 97, 108, 109, 112, 122, 125, 126, 130, 133, 140, 141, 143, 146, 147, 148, 151, 152], "excluded_lines": [], "functions": {"main": {"executed_lines": [], "summary": {"covered_lines": 0, "num_statements": 66, "percent_covered": 0.0, "percent_covered_display": "0", "missing_lines": 66, "excluded_lines": 0, "percent_statements_covered": 0.0, "percent_statements_covered_display": "0"}, "missing_lines": [13, 14, 15, 16, 17, 18, 19, 21, 22, 24, 25, 26, 28, 29, 30, 31, 32, 33, 34, 35, 36, 37, 38, 41, 44, 45, 46, 47, 48, 49, 50, 52, 53, 54, 55, 58, 59, 60, 61, 67, 69, 70, 72, 74, 75, 76, 77, 79, 90, 91, 95, 97, 108, 109, 112, 122, 125, 126, 130, 133, 140, 141, 143, 146, 147, 148], "excluded_lines": [], "start_line": 12}, "": {"executed_lines": [], "summary": {"covered_lines": 0, "num_statements": 11, "percent_covered": 0.0, "percent_covered_display": "0", "missing_lines": 11, "excluded_lines": 0, "percent_statements_covered": 0.0, "percent_statements_covered_display": "0"}, "missing_lines": [2, 3, 4, 5, 6, 7, 8, 9, 12, 151, 152], "excluded_lines": [], "start_line": 1}}, "classes": {"": {"executed_lines": [], "summary": {"covered_lines": 0, "num_statements": 77, "percent_covered": 0.0, "percent_covered_display": "0", "missing_lines": 77, "excluded_lines": 0, "percent_statements_covered": 0.0, "percent_statements_covered_display": "0"}, "missing_lines": [2, 3, 4, 5, 6, 7, 8, 9, 12, 13, 14, 15, 16, 17, 18, 19, 21, 22, 24, 25, 26, 28, 29, 30, 31, 32, 33, 34, 35, 36, 37, 38, 41, 44, 45, 46, 47, 48, 49, 50, 52, 53, 54, 55, 58, 59, 60, 61, 67, 69, 70, 72, 74, 75, 76, 77, 79, 90, 91, 95, 97, 108, 109, 112, 122, 125, 126, 130, 133, 140, 141, 143, 146, 147, 148, 151, 152], "excluded_lines": [], "start_line": 1}}}, "scripts/extract_member_list.py": {"executed_lines": [2, 3, 4, 5, 6, 7, 8, 11, 19, 20, 21, 23, 24, 26, 27, 28, 30, 31, 32, 33, 34, 36, 37, 40, 41, 43, 44, 45, 55, 57, 58, 59, 60, 62, 63, 65, 68, 69, 70, 71, 72, 73, 75, 76, 78, 79, 80, 81, 82, 83, 98, 113], "summary": {"covered_lines": 52, "num_statements": 73, "percent_covered": 71.23287671232876, "percent_covered_display": "71", "missing_lines": 21, "excluded_lines": 0, "percent_statements_covered": 71.23287671232876, "percent_statements_covered_display": "71"}, "missing_lines": [39, 85, 86, 87, 89, 90, 91, 92, 94, 95, 99, 100, 101, 102, 103, 105, 106, 107, 108, 110, 114], "excluded_lines": [], "functions": {"fetch_members": {"executed_lines": [19, 20, 21, 23, 24, 26, 27, 28, 30, 31, 32, 33, 34, 36, 37, 40, 41, 43, 44, 45, 55, 57, 58, 59, 60, 62, 63, 65], "summary": {"covered_lines": 28, "num_statements": 29, "percent_covered": 96.55172413793103, "percent_covered_display": "97", "missing_lines": 1, "excluded_lines": 0, "percent_statements_covered": 96.55172413793103, "percent_statements_covered_display": "97"}, "missing_lines": [39], "excluded_lines": [], "start_line": 11}, "_fetch_page": {"executed_lines": [69, 70, 71, 72, 73, 75, 76, 78, 79, 80, 81, 82, 83], "summary": {"covered_lines": 13, "num_statements": 22, "percent_covered": 59.09090909090909, "percent_covered_display": "59", "missing_lines": 9, "excluded_lines": 0, "percent_statements_covered": 59.09090909090909, "percent_statements_covered_display": "59"}, "missing_lines": [85, 86, 87, 89, 90, 91, 92, 94, 95], "excluded_lines": [], "start_line": 68}, "main": {"executed_lines": [], "summary": {"covered_lines": 0, "num_statements": 10, "percent_covered": 0.0, "percent_covered_display": "0", "missing_lines": 10, "excluded_lines": 0, "percent_statements_covered": 0.0, "percent_statements_covered_display": "0"}, "missing_lines": [99, 100, 101, 102, 103, 105, 106, 107, 108, 110], "excluded_lines": [], "start_line": 98}, "": {"executed_lines": [2, 3, 4, 5, 6, 7, 8, 11, 68, 98, 113], "summary": {"covered_lines": 11, "num_statements": 12, "percent_covered": 91.66666666666667, "percent_covered_display": "92", "missing_lines": 1, "excluded_lines": 0, "percent_statements_covered": 91.66666666666667, "percent_statements_covered_display": "92"}, "missing_lines": [114], "excluded_lines": [], "start_line": 1}}, "classes": {"": {"executed_lines": [2, 3, 4, 5, 6, 7, 8, 11, 19, 20, 21, 23, 24, 26, 27, 28, 30, 31, 32, 33, 34, 36, 37, 40, 41, 43, 44, 45, 55, 57, 58, 59, 60, 62, 63, 65, 68, 69, 70, 71, 72, 73, 75, 76, 78, 79, 80, 81, 82, 83, 98, 113], "summary": {"covered_lines": 52, "num_statements": 73, "percent_covered": 71.23287671232876, "percent_covered_display": "71", "missing_lines": 21, "excluded_lines": 0, "percent_statements_covered": 71.23287671232876, "percent_statements_covered_display": "71"}, "missing_lines": [39, 85, 86, 87, 89, 90, 91, 92, 94, 95, 99, 100, 101, 102, 103, 105, 106, 107, 108, 110, 114], "excluded_lines": [], "start_line": 1}}}, "scripts/generate_scene.py": {"executed_lines": [9, 10, 11, 12, 13, 14, 15, 16, 19, 21, 30, 31, 32, 33, 34, 40, 45, 46, 49, 52, 55, 57, 60, 61, 67, 68, 74, 75, 83, 84, 87, 94, 95, 96, 106, 108, 111, 112, 122, 123, 124, 129, 132], "summary": {"covered_lines": 43, "num_statements": 62, "percent_covered": 69.35483870967742, "percent_covered_display": "69", "missing_lines": 19, "excluded_lines": 0, "percent_statements_covered": 69.35483870967742, "percent_statements_covered_display": "69"}, "missing_lines": [62, 63, 64, 69, 70, 71, 76, 77, 78, 79, 80, 81, 103, 104, 105, 125, 126, 127, 133], "excluded_lines": [], "functions": {"main": {"executed_lines": [31, 32, 33, 34, 40, 45, 46, 49, 52, 55, 57, 60, 61, 67, 68, 74, 75, 83, 84, 87, 94, 95, 96, 106, 108, 111, 112, 122, 123, 124, 129], "summary": {"covered_lines": 31, "num_statements": 49, "percent_covered": 63.265306122448976, "percent_covered_display": "63", "missing_lines": 18, "excluded_lines": 0, "percent_statements_covered": 63.265306122448976, "percent_statements_covered_display": "63"}, "missing_lines": [62, 63, 64, 69, 70, 71, 76, 77, 78, 79, 80, 81, 103, 104, 105, 125, 126, 127], "excluded_lines": [], "start_line": 30}, "": {"executed_lines": [9, 10, 11, 12, 13, 14, 15, 16, 19, 21, 30, 132], "summary": {"covered_lines": 12, "num_statements": 13, "percent_covered": 92.3076923076923, "percent_covered_display": "92", "missing_lines": 1, "excluded_lines": 0, "percent_statements_covered": 92.3076923076923, "percent_statements_covered_display": "92"}, "missing_lines": [133], "excluded_lines": [], "start_line": 1}}, "classes": {"": {"executed_lines": [9, 10, 11, 12, 13, 14, 15, 16, 19, 21, 30, 31, 32, 33, 34, 40, 45, 46, 49, 52, 55, 57, 60, 61, 67, 68, 74, 75, 83, 84, 87, 94, 95, 96, 106, 108, 111, 112, 122, 123, 124, 129, 132], "summary": {"covered_lines": 43, "num_statements": 62, "percent_covered": 69.35483870967742, "percent_covered_display": "69", "missing_lines": 19, "excluded_lines": 0, "percent_statements_covered": 69.35483870967742, "percent_statements_covered_display": "69"}, "missing_lines": [62, 63, 64, 69, 70, 71, 76, 77, 78, 79, 80, 81, 103, 104, 105, 125, 126, 127, 133], "excluded_lines": [], "start_line": 1}}}, "scripts/generate_scene_samples.py": {"executed_lines": [], "summary": {"covered_lines": 0, "num_statements": 75, "percent_covered": 0.0, "percent_covered_display": "0", "missing_lines": 75, "excluded_lines": 0, "percent_statements_covered": 0.0, "percent_statements_covered_display": "0"}, "missing_lines": [4, 5, 6, 7, 8, 9, 10, 11, 14, 15, 16, 18, 19, 21, 40, 41, 47, 48, 49, 53, 54, 55, 56, 59, 60, 66, 67, 68, 71, 72, 73, 74, 75, 76, 77, 78, 79, 80, 81, 82, 83, 86, 87, 88, 89, 90, 91, 92, 93, 95, 96, 98, 99, 100, 101, 102, 104, 105, 106, 108, 109, 110, 112, 113, 114, 115, 117, 119, 121, 122, 123, 125, 126, 129, 130], "excluded_lines": [], "functions": {"generate_scene": {"executed_lines": [], "summary": {"covered_lines": 0, "num_statements": 8, "percent_covered": 0.0, "percent_covered_display": "0", "missing_lines": 8, "excluded_lines": 0, "percent_statements_covered": 0.0, "percent_statements_covered_display": "0"}, "missing_lines": [41, 47, 48, 49, 53, 54, 55, 56], "excluded_lines": [], "start_line": 40}, "save_scene_md": {"executed_lines": [], "summary": {"covered_lines": 0, "num_statements": 4, "percent_covered": 0.0, "percent_covered_display": "0", "missing_lines": 4, "excluded_lines": 0, "percent_statements_covered": 0.0, "percent_statements_covered_display": "0"}, "missing_lines": [60, 66, 67, 68], "excluded_lines": [], "start_line": 59}, "generate_wav": {"executed_lines": [], "summary": {"covered_lines": 0, "num_statements": 12, "percent_covered": 0.0, "percent_covered_display": "0", "missing_lines": 12, "excluded_lines": 0, "percent_statements_covered": 0.0, "percent_statements_covered_display": "0"}, "missing_lines": [72, 73, 74, 75, 76, 77, 78, 79, 80, 81, 82, 83], "excluded_lines": [], "start_line": 71}, "main": {"executed_lines": [], "summary": {"covered_lines": 0, "num_statements": 31, "percent_covered": 0.0, "percent_covered_display": "0", "missing_lines": 31, "excluded_lines": 0, "percent_statements_covered": 0.0, "percent_statements_covered_display": "0"}, "missing_lines": [87, 88, 89, 90, 91, 92, 93, 95, 96, 98, 99, 100, 101, 102, 104, 105, 106, 108, 109, 110, 112, 113, 114, 115, 117, 119, 121, 122, 123, 125, 126], "excluded_lines": [], "start_line": 86}, "": {"executed_lines": [], "summary": {"covered_lines": 0, "num_statements": 20, "percent_covered": 0.0, "percent_covered_display": "0", "missing_lines": 20, "excluded_lines": 0, "percent_statements_covered": 0.0, "percent_statements_covered_display": "0"}, "missing_lines": [4, 5, 6, 7, 8, 9, 10, 11, 14, 15, 16, 18, 19, 21, 40, 59, 71, 86, 129, 130], "excluded_lines": [], "start_line": 1}}, "classes": {"": {"executed_lines": [], "summary": {"covered_lines": 0, "num_statements": 75, "percent_covered": 0.0, "percent_covered_display": "0", "missing_lines": 75, "excluded_lines": 0, "percent_statements_covered": 0.0, "percent_statements_covered_display": "0"}, "missing_lines": [4, 5, 6, 7, 8, 9, 10, 11, 14, 15, 16, 18, 19, 21, 40, 41, 47, 48, 49, 53, 54, 55, 56, 59, 60, 66, 67, 68, 71, 72, 73, 74, 75, 76, 77, 78, 79, 80, 81, 82, 83, 86, 87, 88, 89, 90, 91, 92, 93, 95, 96, 98, 99, 100, 101, 102, 104, 105, 106, 108, 109, 110, 112, 113, 114, 115, 117, 119, 121, 122, 123, 125, 126, 129, 130], "excluded_lines": [], "start_line": 1}}}, "scripts/grab_discord_token.py": {"executed_lines": [], "summary": {"covered_lines": 0, "num_statements": 91, "percent_covered": 0.0, "percent_covered_display": "0", "missing_lines": 91, "excluded_lines": 0, "percent_statements_covered": 0.0, "percent_statements_covered_display": "0"}, "missing_lines": [5, 6, 7, 8, 9, 11, 13, 14, 16, 37, 38, 39, 40, 41, 44, 45, 46, 47, 48, 49, 50, 51, 52, 54, 55, 56, 57, 58, 59, 62, 63, 64, 66, 67, 68, 69, 70, 72, 73, 74, 75, 77, 78, 84, 85, 86, 88, 89, 90, 91, 92, 93, 94, 95, 96, 97, 99, 100, 103, 104, 105, 106, 107, 108, 109, 110, 111, 112, 115, 116, 117, 118, 119, 121, 122, 123, 124, 125, 127, 128, 130, 131, 132, 133, 135, 136, 137, 138, 139, 142, 143], "excluded_lines": [], "functions": {"url_ids": {"executed_lines": [], "summary": {"covered_lines": 0, "num_statements": 4, "percent_covered": 0.0, "percent_covered_display": "0", "missing_lines": 4, "excluded_lines": 0, "percent_statements_covered": 0.0, "percent_statements_covered_display": "0"}, "missing_lines": [38, 39, 40, 41], "excluded_lines": [], "start_line": 37}, "update_env": {"executed_lines": [], "summary": {"covered_lines": 0, "num_statements": 14, "percent_covered": 0.0, "percent_covered_display": "0", "missing_lines": 14, "excluded_lines": 0, "percent_statements_covered": 0.0, "percent_statements_covered_display": "0"}, "missing_lines": [45, 46, 47, 48, 49, 50, 51, 52, 54, 55, 56, 57, 58, 59], "excluded_lines": [], "start_line": 44}, "main": {"executed_lines": [], "summary": {"covered_lines": 0, "num_statements": 59, "percent_covered": 0.0, "percent_covered_display": "0", "missing_lines": 59, "excluded_lines": 0, "percent_statements_covered": 0.0, "percent_statements_covered_display": "0"}, "missing_lines": [63, 64, 66, 67, 68, 69, 70, 72, 73, 74, 75, 77, 78, 84, 85, 86, 88, 89, 90, 91, 92, 93, 94, 95, 96, 97, 99, 100, 103, 104, 105, 106, 107, 108, 109, 110, 111, 112, 115, 116, 117, 118, 119, 121, 122, 123, 124, 125, 127, 128, 130, 131, 132, 133, 135, 136, 137, 138, 139], "excluded_lines": [], "start_line": 62}, "": {"executed_lines": [], "summary": {"covered_lines": 0, "num_statements": 14, "percent_covered": 0.0, "percent_covered_display": "0", "missing_lines": 14, "excluded_lines": 0, "percent_statements_covered": 0.0, "percent_statements_covered_display": "0"}, "missing_lines": [5, 6, 7, 8, 9, 11, 13, 14, 16, 37, 44, 62, 142, 143], "excluded_lines": [], "start_line": 1}}, "classes": {"": {"executed_lines": [], "summary": {"covered_lines": 0, "num_statements": 91, "percent_covered": 0.0, "percent_covered_display": "0", "missing_lines": 91, "excluded_lines": 0, "percent_statements_covered": 0.0, "percent_statements_covered_display": "0"}, "missing_lines": [5, 6, 7, 8, 9, 11, 13, 14, 16, 37, 38, 39, 40, 41, 44, 45, 46, 47, 48, 49, 50, 51, 52, 54, 55, 56, 57, 58, 59, 62, 63, 64, 66, 67, 68, 69, 70, 72, 73, 74, 75, 77, 78, 84, 85, 86, 88, 89, 90, 91, 92, 93, 94, 95, 96, 97, 99, 100, 103, 104, 105, 106, 107, 108, 109, 110, 111, 112, 115, 116, 117, 118, 119, 121, 122, 123, 124, 125, 127, 128, 130, 131, 132, 133, 135, 136, 137, 138, 139, 142, 143], "excluded_lines": [], "start_line": 1}}}, "scripts/import_discord_history.py": {"executed_lines": [7, 9, 10, 11, 12, 13, 15, 16, 20, 21, 22, 23, 24, 28, 30, 31, 34, 54, 80, 97, 99, 100, 101, 102, 103, 104, 107, 117, 118, 120, 121, 122, 123, 126, 127, 128, 130, 131, 132, 133, 134, 135, 136, 140, 145, 146, 148, 168, 170, 173, 260], "summary": {"covered_lines": 51, "num_statements": 140, "percent_covered": 36.42857142857143, "percent_covered_display": "36", "missing_lines": 89, "excluded_lines": 4, "percent_statements_covered": 36.42857142857143, "percent_statements_covered_display": "36"}, "missing_lines": [36, 37, 38, 39, 40, 41, 42, 43, 44, 45, 46, 47, 48, 49, 50, 51, 56, 57, 58, 59, 60, 61, 62, 63, 64, 68, 69, 70, 71, 72, 74, 75, 76, 77, 85, 86, 87, 88, 89, 90, 91, 92, 93, 94, 174, 177, 183, 189, 195, 202, 205, 206, 207, 213, 214, 215, 217, 218, 219, 221, 222, 223, 224, 226, 227, 229, 230, 231, 233, 235, 237, 238, 240, 241, 242, 243, 244, 245, 246, 247, 249, 250, 251, 252, 253, 254, 256, 257, 261], "excluded_lines": [17, 18, 25, 26], "functions": {"_load_player_index": {"executed_lines": [], "summary": {"covered_lines": 0, "num_statements": 16, "percent_covered": 0.0, "percent_covered_display": "0", "missing_lines": 16, "excluded_lines": 0, "percent_statements_covered": 0.0, "percent_statements_covered_display": "0"}, "missing_lines": [36, 37, 38, 39, 40, 41, 42, 43, 44, 45, 46, 47, 48, 49, 50, 51], "excluded_lines": [], "start_line": 34}, "_apply_player_status": {"executed_lines": [], "summary": {"covered_lines": 0, "num_statements": 18, "percent_covered": 0.0, "percent_covered_display": "0", "missing_lines": 18, "excluded_lines": 0, "percent_statements_covered": 0.0, "percent_statements_covered_display": "0"}, "missing_lines": [56, 57, 58, 59, 60, 61, 62, 63, 64, 68, 69, 70, 71, 72, 74, 75, 76, 77], "excluded_lines": [], "start_line": 54}, "_load_tupper_names": {"executed_lines": [], "summary": {"covered_lines": 0, "num_statements": 10, "percent_covered": 0.0, "percent_covered_display": "0", "missing_lines": 10, "excluded_lines": 0, "percent_statements_covered": 0.0, "percent_statements_covered_display": "0"}, "missing_lines": [85, 86, 87, 88, 89, 90, 91, 92, 93, 94], "excluded_lines": [], "start_line": 80}, "_classify_tag": {"executed_lines": [99, 100, 101, 102, 103, 104], "summary": {"covered_lines": 6, "num_statements": 6, "percent_covered": 100.0, "percent_covered_display": "100", "missing_lines": 0, "excluded_lines": 0, "percent_statements_covered": 100.0, "percent_statements_covered_display": "100"}, "missing_lines": [], "excluded_lines": [], "start_line": 97}, "parse_channel": {"executed_lines": [117, 118, 120, 121, 122, 123, 126, 127, 128, 130, 131, 132, 133, 134, 135, 136, 140, 145, 146, 148, 168, 170], "summary": {"covered_lines": 22, "num_statements": 22, "percent_covered": 100.0, "percent_covered_display": "100", "missing_lines": 0, "excluded_lines": 0, "percent_statements_covered": 100.0, "percent_statements_covered_display": "100"}, "missing_lines": [], "excluded_lines": [], "start_line": 107}, "main": {"executed_lines": [], "summary": {"covered_lines": 0, "num_statements": 44, "percent_covered": 0.0, "percent_covered_display": "0", "missing_lines": 44, "excluded_lines": 0, "percent_statements_covered": 0.0, "percent_statements_covered_display": "0"}, "missing_lines": [174, 177, 183, 189, 195, 202, 205, 206, 207, 213, 214, 215, 217, 218, 219, 221, 222, 223, 224, 226, 227, 229, 230, 231, 233, 235, 237, 238, 240, 241, 242, 243, 244, 245, 246, 247, 249, 250, 251, 252, 253, 254, 256, 257], "excluded_lines": [], "start_line": 173}, "": {"executed_lines": [7, 9, 10, 11, 12, 13, 15, 16, 20, 21, 22, 23, 24, 28, 30, 31, 34, 54, 80, 97, 107, 173, 260], "summary": {"covered_lines": 23, "num_statements": 24, "percent_covered": 95.83333333333333, "percent_covered_display": "96", "missing_lines": 1, "excluded_lines": 4, "percent_statements_covered": 95.83333333333333, "percent_statements_covered_display": "96"}, "missing_lines": [261], "excluded_lines": [17, 18, 25, 26], "start_line": 1}}, "classes": {"": {"executed_lines": [7, 9, 10, 11, 12, 13, 15, 16, 20, 21, 22, 23, 24, 28, 30, 31, 34, 54, 80, 97, 99, 100, 101, 102, 103, 104, 107, 117, 118, 120, 121, 122, 123, 126, 127, 128, 130, 131, 132, 133, 134, 135, 136, 140, 145, 146, 148, 168, 170, 173, 260], "summary": {"covered_lines": 51, "num_statements": 140, "percent_covered": 36.42857142857143, "percent_covered_display": "36", "missing_lines": 89, "excluded_lines": 4, "percent_statements_covered": 36.42857142857143, "percent_statements_covered_display": "36"}, "missing_lines": [36, 37, 38, 39, 40, 41, 42, 43, 44, 45, 46, 47, 48, 49, 50, 51, 56, 57, 58, 59, 60, 61, 62, 63, 64, 68, 69, 70, 71, 72, 74, 75, 76, 77, 85, 86, 87, 88, 89, 90, 91, 92, 93, 94, 174, 177, 183, 189, 195, 202, 205, 206, 207, 213, 214, 215, 217, 218, 219, 221, 222, 223, 224, 226, 227, 229, 230, 231, 233, 235, 237, 238, 240, 241, 242, 243, 244, 245, 246, 247, 249, 250, 251, 252, 253, 254, 256, 257, 261], "excluded_lines": [17, 18, 25, 26], "start_line": 1}}}, "scripts/import_discord_roles.py": {"executed_lines": [3, 5, 6, 7, 8, 9, 11, 14, 17, 29, 40, 41, 44, 46, 49, 50, 54, 55, 57, 58, 59, 61, 63, 64, 65, 66, 67, 75, 77, 80, 82, 83, 85, 89, 99, 101, 102, 103, 105, 107, 108, 109, 110, 111, 112, 114, 115, 118, 151], "summary": {"covered_lines": 49, "num_statements": 69, "percent_covered": 71.01449275362319, "percent_covered_display": "71", "missing_lines": 20, "excluded_lines": 0, "percent_statements_covered": 71.01449275362319, "percent_statements_covered_display": "71"}, "missing_lines": [30, 31, 32, 33, 51, 60, 68, 74, 119, 122, 130, 136, 139, 141, 143, 144, 145, 146, 148, 152], "excluded_lines": [], "functions": {"_setup_logging": {"executed_lines": [], "summary": {"covered_lines": 0, "num_statements": 4, "percent_covered": 0.0, "percent_covered_display": "0", "missing_lines": 4, "excluded_lines": 0, "percent_statements_covered": 0.0, "percent_statements_covered_display": "0"}, "missing_lines": [30, 31, 32, 33], "excluded_lines": [], "start_line": 29}, "_parse_bool": {"executed_lines": [41], "summary": {"covered_lines": 1, "num_statements": 1, "percent_covered": 100.0, "percent_covered_display": "100", "missing_lines": 0, "excluded_lines": 0, "percent_statements_covered": 100.0, "percent_statements_covered_display": "100"}, "missing_lines": [], "excluded_lines": [], "start_line": 40}, "_parse_markdown_table": {"executed_lines": [46, 49, 50, 54, 55, 57, 58, 59, 61, 63, 64, 65, 66, 67, 75, 77], "summary": {"covered_lines": 16, "num_statements": 20, "percent_covered": 80.0, "percent_covered_display": "80", "missing_lines": 4, "excluded_lines": 0, "percent_statements_covered": 80.0, "percent_statements_covered_display": "80"}, "missing_lines": [51, 60, 68, 74], "excluded_lines": [], "start_line": 44}, "_row_to_record": {"executed_lines": [82, 83, 85, 89], "summary": {"covered_lines": 4, "num_statements": 4, "percent_covered": 100.0, "percent_covered_display": "100", "missing_lines": 0, "excluded_lines": 0, "percent_statements_covered": 100.0, "percent_statements_covered_display": "100"}, "missing_lines": [], "excluded_lines": [], "start_line": 80}, "import_roles": {"executed_lines": [101, 102, 103, 105, 107, 108, 109, 110, 111, 112, 114, 115], "summary": {"covered_lines": 12, "num_statements": 12, "percent_covered": 100.0, "percent_covered_display": "100", "missing_lines": 0, "excluded_lines": 0, "percent_statements_covered": 100.0, "percent_statements_covered_display": "100"}, "missing_lines": [], "excluded_lines": [], "start_line": 99}, "main": {"executed_lines": [], "summary": {"covered_lines": 0, "num_statements": 11, "percent_covered": 0.0, "percent_covered_display": "0", "missing_lines": 11, "excluded_lines": 0, "percent_statements_covered": 0.0, "percent_statements_covered_display": "0"}, "missing_lines": [119, 122, 130, 136, 139, 141, 143, 144, 145, 146, 148], "excluded_lines": [], "start_line": 118}, "": {"executed_lines": [3, 5, 6, 7, 8, 9, 11, 14, 17, 29, 40, 44, 80, 99, 118, 151], "summary": {"covered_lines": 16, "num_statements": 17, "percent_covered": 94.11764705882354, "percent_covered_display": "94", "missing_lines": 1, "excluded_lines": 0, "percent_statements_covered": 94.11764705882354, "percent_statements_covered_display": "94"}, "missing_lines": [152], "excluded_lines": [], "start_line": 1}}, "classes": {"": {"executed_lines": [3, 5, 6, 7, 8, 9, 11, 14, 17, 29, 40, 41, 44, 46, 49, 50, 54, 55, 57, 58, 59, 61, 63, 64, 65, 66, 67, 75, 77, 80, 82, 83, 85, 89, 99, 101, 102, 103, 105, 107, 108, 109, 110, 111, 112, 114, 115, 118, 151], "summary": {"covered_lines": 49, "num_statements": 69, "percent_covered": 71.01449275362319, "percent_covered_display": "71", "missing_lines": 20, "excluded_lines": 0, "percent_statements_covered": 71.01449275362319, "percent_statements_covered_display": "71"}, "missing_lines": [30, 31, 32, 33, 51, 60, 68, 74, 119, 122, 130, 136, 139, 141, 143, 144, 145, 146, 148, 152], "excluded_lines": [], "start_line": 1}}}, "scripts/import_excel_history.py": {"executed_lines": [], "summary": {"covered_lines": 0, "num_statements": 172, "percent_covered": 0.0, "percent_covered_display": "0", "missing_lines": 172, "excluded_lines": 0, "percent_statements_covered": 0.0, "percent_statements_covered_display": "0"}, "missing_lines": [19, 21, 22, 23, 24, 25, 26, 27, 28, 30, 32, 33, 35, 36, 37, 38, 46, 47, 48, 49, 51, 52, 55, 56, 57, 58, 61, 62, 63, 64, 65, 66, 69, 70, 71, 72, 73, 74, 75, 78, 79, 80, 81, 83, 84, 85, 86, 87, 91, 94, 95, 96, 97, 98, 99, 100, 109, 110, 111, 112, 115, 116, 117, 118, 119, 120, 121, 122, 130, 131, 132, 133, 136, 137, 138, 139, 140, 141, 143, 144, 145, 146, 147, 148, 149, 150, 152, 159, 161, 162, 164, 165, 167, 170, 171, 172, 173, 187, 188, 189, 190, 191, 194, 195, 196, 197, 198, 199, 200, 202, 203, 204, 205, 206, 207, 208, 209, 210, 215, 216, 217, 220, 221, 222, 223, 224, 225, 226, 227, 228, 231, 232, 233, 234, 240, 242, 243, 244, 246, 247, 248, 249, 250, 253, 256, 257, 260, 261, 264, 265, 266, 267, 268, 271, 272, 273, 274, 275, 278, 279, 280, 281, 282, 284, 285, 286, 287, 288, 289, 290, 293, 294], "excluded_lines": [], "functions": {"normalize_character_name": {"executed_lines": [], "summary": {"covered_lines": 0, "num_statements": 5, "percent_covered": 0.0, "percent_covered_display": "0", "missing_lines": 5, "excluded_lines": 0, "percent_statements_covered": 0.0, "percent_statements_covered_display": "0"}, "missing_lines": [47, 48, 49, 51, 52], "excluded_lines": [], "start_line": 46}, "safe_str": {"executed_lines": [], "summary": {"covered_lines": 0, "num_statements": 3, "percent_covered": 0.0, "percent_covered_display": "0", "missing_lines": 3, "excluded_lines": 0, "percent_statements_covered": 0.0, "percent_statements_covered_display": "0"}, "missing_lines": [56, 57, 58], "excluded_lines": [], "start_line": 55}, "classify_row": {"executed_lines": [], "summary": {"covered_lines": 0, "num_statements": 5, "percent_covered": 0.0, "percent_covered_display": "0", "missing_lines": 5, "excluded_lines": 0, "percent_statements_covered": 0.0, "percent_statements_covered_display": "0"}, "missing_lines": [62, 63, 64, 65, 66], "excluded_lines": [], "start_line": 61}, "ts_to_iso": {"executed_lines": [], "summary": {"covered_lines": 0, "num_statements": 6, "percent_covered": 0.0, "percent_covered_display": "0", "missing_lines": 6, "excluded_lines": 0, "percent_statements_covered": 0.0, "percent_statements_covered_display": "0"}, "missing_lines": [70, 71, 72, 73, 74, 75], "excluded_lines": [], "start_line": 69}, "load_and_clean": {"executed_lines": [], "summary": {"covered_lines": 0, "num_statements": 9, "percent_covered": 0.0, "percent_covered_display": "0", "missing_lines": 9, "excluded_lines": 0, "percent_statements_covered": 0.0, "percent_statements_covered_display": "0"}, "missing_lines": [79, 80, 81, 83, 84, 85, 86, 87, 91], "excluded_lines": [], "start_line": 78}, "write_messages_clean": {"executed_lines": [], "summary": {"covered_lines": 0, "num_statements": 10, "percent_covered": 0.0, "percent_covered_display": "0", "missing_lines": 10, "excluded_lines": 0, "percent_statements_covered": 0.0, "percent_statements_covered_display": "0"}, "missing_lines": [95, 96, 97, 98, 99, 100, 109, 110, 111, 112], "excluded_lines": [], "start_line": 94}, "write_operator_corpus": {"executed_lines": [], "summary": {"covered_lines": 0, "num_statements": 11, "percent_covered": 0.0, "percent_covered_display": "0", "missing_lines": 11, "excluded_lines": 0, "percent_statements_covered": 0.0, "percent_statements_covered_display": "0"}, "missing_lines": [116, 117, 118, 119, 120, 121, 122, 130, 131, 132, 133], "excluded_lines": [], "start_line": 115}, "detect_scenes": {"executed_lines": [], "summary": {"covered_lines": 0, "num_statements": 20, "percent_covered": 0.0, "percent_covered_display": "0", "missing_lines": 20, "excluded_lines": 0, "percent_statements_covered": 0.0, "percent_statements_covered_display": "0"}, "missing_lines": [137, 138, 139, 140, 141, 143, 144, 145, 146, 147, 148, 149, 150, 152, 159, 161, 162, 164, 165, 167], "excluded_lines": [], "start_line": 136}, "_finalize_scene": {"executed_lines": [], "summary": {"covered_lines": 0, "num_statements": 3, "percent_covered": 0.0, "percent_covered_display": "0", "missing_lines": 3, "excluded_lines": 0, "percent_statements_covered": 0.0, "percent_statements_covered_display": "0"}, "missing_lines": [171, 172, 173], "excluded_lines": [], "start_line": 170}, "_sample_messages": {"executed_lines": [], "summary": {"covered_lines": 0, "num_statements": 4, "percent_covered": 0.0, "percent_covered_display": "0", "missing_lines": 4, "excluded_lines": 0, "percent_statements_covered": 0.0, "percent_statements_covered_display": "0"}, "missing_lines": [188, 189, 190, 191], "excluded_lines": [], "start_line": 187}, "extract_char_samples": {"executed_lines": [], "summary": {"covered_lines": 0, "num_statements": 18, "percent_covered": 0.0, "percent_covered_display": "0", "missing_lines": 18, "excluded_lines": 0, "percent_statements_covered": 0.0, "percent_statements_covered_display": "0"}, "missing_lines": [195, 196, 197, 198, 199, 200, 202, 203, 204, 205, 206, 207, 208, 209, 210, 215, 216, 217], "excluded_lines": [], "start_line": 194}, "extract_narrator_messages": {"executed_lines": [], "summary": {"covered_lines": 0, "num_statements": 8, "percent_covered": 0.0, "percent_covered_display": "0", "missing_lines": 8, "excluded_lines": 0, "percent_statements_covered": 0.0, "percent_statements_covered_display": "0"}, "missing_lines": [221, 222, 223, 224, 225, 226, 227, 228], "excluded_lines": [], "start_line": 220}, "main": {"executed_lines": [], "summary": {"covered_lines": 0, "num_statements": 39, "percent_covered": 0.0, "percent_covered_display": "0", "missing_lines": 39, "excluded_lines": 0, "percent_statements_covered": 0.0, "percent_statements_covered_display": "0"}, "missing_lines": [232, 233, 234, 240, 242, 243, 244, 246, 247, 248, 249, 250, 253, 256, 257, 260, 261, 264, 265, 266, 267, 268, 271, 272, 273, 274, 275, 278, 279, 280, 281, 282, 284, 285, 286, 287, 288, 289, 290], "excluded_lines": [], "start_line": 231}, "": {"executed_lines": [], "summary": {"covered_lines": 0, "num_statements": 31, "percent_covered": 0.0, "percent_covered_display": "0", "missing_lines": 31, "excluded_lines": 0, "percent_statements_covered": 0.0, "percent_statements_covered_display": "0"}, "missing_lines": [19, 21, 22, 23, 24, 25, 26, 27, 28, 30, 32, 33, 35, 36, 37, 38, 46, 55, 61, 69, 78, 94, 115, 136, 170, 187, 194, 220, 231, 293, 294], "excluded_lines": [], "start_line": 1}}, "classes": {"": {"executed_lines": [], "summary": {"covered_lines": 0, "num_statements": 172, "percent_covered": 0.0, "percent_covered_display": "0", "missing_lines": 172, "excluded_lines": 0, "percent_statements_covered": 0.0, "percent_statements_covered_display": "0"}, "missing_lines": [19, 21, 22, 23, 24, 25, 26, 27, 28, 30, 32, 33, 35, 36, 37, 38, 46, 47, 48, 49, 51, 52, 55, 56, 57, 58, 61, 62, 63, 64, 65, 66, 69, 70, 71, 72, 73, 74, 75, 78, 79, 80, 81, 83, 84, 85, 86, 87, 91, 94, 95, 96, 97, 98, 99, 100, 109, 110, 111, 112, 115, 116, 117, 118, 119, 120, 121, 122, 130, 131, 132, 133, 136, 137, 138, 139, 140, 141, 143, 144, 145, 146, 147, 148, 149, 150, 152, 159, 161, 162, 164, 165, 167, 170, 171, 172, 173, 187, 188, 189, 190, 191, 194, 195, 196, 197, 198, 199, 200, 202, 203, 204, 205, 206, 207, 208, 209, 210, 215, 216, 217, 220, 221, 222, 223, 224, 225, 226, 227, 228, 231, 232, 233, 234, 240, 242, 243, 244, 246, 247, 248, 249, 250, 253, 256, 257, 260, 261, 264, 265, 266, 267, 268, 271, 272, 273, 274, 275, 278, 279, 280, 281, 282, 284, 285, 286, 287, 288, 289, 290, 293, 294], "excluded_lines": [], "start_line": 1}}}, "scripts/import_tupperbox.py": {"executed_lines": [3, 5, 6, 7, 8, 9, 10, 12, 13, 16, 17, 25, 28, 30, 32, 33, 36, 37, 40, 41, 42, 44, 57, 58, 59, 61, 64, 69, 74, 76, 77, 79, 83, 84, 86, 87, 89, 90, 91, 93, 95, 96, 97, 98, 99, 102, 110, 111, 118, 120, 123], "summary": {"covered_lines": 51, "num_statements": 58, "percent_covered": 87.93103448275862, "percent_covered_display": "88", "missing_lines": 7, "excluded_lines": 0, "percent_statements_covered": 87.93103448275862, "percent_statements_covered_display": "88"}, "missing_lines": [80, 81, 103, 104, 107, 108, 124], "excluded_lines": [], "functions": {"setup_logging": {"executed_lines": [17], "summary": {"covered_lines": 1, "num_statements": 1, "percent_covered": 100.0, "percent_covered_display": "100", "missing_lines": 0, "excluded_lines": 0, "percent_statements_covered": 100.0, "percent_statements_covered_display": "100"}, "missing_lines": [], "excluded_lines": [], "start_line": 16}, "slugify": {"executed_lines": [28, 30, 32, 33], "summary": {"covered_lines": 4, "num_statements": 4, "percent_covered": 100.0, "percent_covered_display": "100", "missing_lines": 0, "excluded_lines": 0, "percent_statements_covered": 100.0, "percent_statements_covered_display": "100"}, "missing_lines": [], "excluded_lines": [], "start_line": 25}, "build_group_map": {"executed_lines": [37], "summary": {"covered_lines": 1, "num_statements": 1, "percent_covered": 100.0, "percent_covered_display": "100", "missing_lines": 0, "excluded_lines": 0, "percent_statements_covered": 100.0, "percent_statements_covered_display": "100"}, "missing_lines": [], "excluded_lines": [], "start_line": 36}, "tupper_to_yaml": {"executed_lines": [41, 42, 44], "summary": {"covered_lines": 3, "num_statements": 3, "percent_covered": 100.0, "percent_covered_display": "100", "missing_lines": 0, "excluded_lines": 0, "percent_statements_covered": 100.0, "percent_statements_covered_display": "100"}, "missing_lines": [], "excluded_lines": [], "start_line": 40}, "main": {"executed_lines": [58, 59, 61, 64, 69, 74, 76, 77, 79, 83, 84, 86, 87, 89, 90, 91, 93, 95, 96, 97, 98, 99, 102, 110, 111, 118, 120], "summary": {"covered_lines": 27, "num_statements": 33, "percent_covered": 81.81818181818181, "percent_covered_display": "82", "missing_lines": 6, "excluded_lines": 0, "percent_statements_covered": 81.81818181818181, "percent_statements_covered_display": "82"}, "missing_lines": [80, 81, 103, 104, 107, 108], "excluded_lines": [], "start_line": 57}, "": {"executed_lines": [3, 5, 6, 7, 8, 9, 10, 12, 13, 16, 25, 36, 40, 57, 123], "summary": {"covered_lines": 15, "num_statements": 16, "percent_covered": 93.75, "percent_covered_display": "94", "missing_lines": 1, "excluded_lines": 0, "percent_statements_covered": 93.75, "percent_statements_covered_display": "94"}, "missing_lines": [124], "excluded_lines": [], "start_line": 1}}, "classes": {"": {"executed_lines": [3, 5, 6, 7, 8, 9, 10, 12, 13, 16, 17, 25, 28, 30, 32, 33, 36, 37, 40, 41, 42, 44, 57, 58, 59, 61, 64, 69, 74, 76, 77, 79, 83, 84, 86, 87, 89, 90, 91, 93, 95, 96, 97, 98, 99, 102, 110, 111, 118, 120, 123], "summary": {"covered_lines": 51, "num_statements": 58, "percent_covered": 87.93103448275862, "percent_covered_display": "88", "missing_lines": 7, "excluded_lines": 0, "percent_statements_covered": 87.93103448275862, "percent_statements_covered_display": "88"}, "missing_lines": [80, 81, 103, 104, 107, 108, 124], "excluded_lines": [], "start_line": 1}}}, "scripts/llm_gateway_http.py": {"executed_lines": [], "summary": {"covered_lines": 0, "num_statements": 57, "percent_covered": 0.0, "percent_covered_display": "0", "missing_lines": 57, "excluded_lines": 0, "percent_statements_covered": 0.0, "percent_statements_covered_display": "0"}, "missing_lines": [4, 5, 6, 7, 8, 11, 12, 14, 15, 16, 17, 19, 22, 23, 24, 25, 26, 29, 30, 31, 32, 35, 36, 37, 40, 41, 43, 46, 47, 49, 52, 53, 54, 55, 56, 57, 58, 65, 66, 67, 68, 71, 72, 75, 76, 77, 78, 80, 81, 82, 83, 88, 89, 90, 92, 95, 96], "excluded_lines": [], "functions": {"health": {"executed_lines": [], "summary": {"covered_lines": 0, "num_statements": 1, "percent_covered": 0.0, "percent_covered_display": "0", "missing_lines": 1, "excluded_lines": 0, "percent_statements_covered": 0.0, "percent_statements_covered_display": "0"}, "missing_lines": [37], "excluded_lines": [], "start_line": 36}, "llm_ask": {"executed_lines": [], "summary": {"covered_lines": 0, "num_statements": 1, "percent_covered": 0.0, "percent_covered_display": "0", "missing_lines": 1, "excluded_lines": 0, "percent_statements_covered": 0.0, "percent_statements_covered_display": "0"}, "missing_lines": [43], "excluded_lines": [], "start_line": 41}, "llm_code": {"executed_lines": [], "summary": {"covered_lines": 0, "num_statements": 1, "percent_covered": 0.0, "percent_covered_display": "0", "missing_lines": 1, "excluded_lines": 0, "percent_statements_covered": 0.0, "percent_statements_covered_display": "0"}, "missing_lines": [49], "excluded_lines": [], "start_line": 47}, "_dispatch": {"executed_lines": [], "summary": {"covered_lines": 0, "num_statements": 10, "percent_covered": 0.0, "percent_covered_display": "0", "missing_lines": 10, "excluded_lines": 0, "percent_statements_covered": 0.0, "percent_statements_covered_display": "0"}, "missing_lines": [53, 54, 55, 56, 57, 58, 65, 66, 67, 68], "excluded_lines": [], "start_line": 52}, "main": {"executed_lines": [], "summary": {"covered_lines": 0, "num_statements": 13, "percent_covered": 0.0, "percent_covered_display": "0", "missing_lines": 13, "excluded_lines": 0, "percent_statements_covered": 0.0, "percent_statements_covered_display": "0"}, "missing_lines": [72, 75, 76, 77, 78, 80, 81, 82, 83, 88, 89, 90, 92], "excluded_lines": [], "start_line": 71}, "": {"executed_lines": [], "summary": {"covered_lines": 0, "num_statements": 31, "percent_covered": 0.0, "percent_covered_display": "0", "missing_lines": 31, "excluded_lines": 0, "percent_statements_covered": 0.0, "percent_statements_covered_display": "0"}, "missing_lines": [4, 5, 6, 7, 8, 11, 12, 14, 15, 16, 17, 19, 22, 23, 24, 25, 26, 29, 30, 31, 32, 35, 36, 40, 41, 46, 47, 52, 71, 95, 96], "excluded_lines": [], "start_line": 1}}, "classes": {"LLMRequest": {"executed_lines": [], "summary": {"covered_lines": 0, "num_statements": 0, "percent_covered": 100.0, "percent_covered_display": "100", "missing_lines": 0, "excluded_lines": 0, "percent_statements_covered": 100.0, "percent_statements_covered_display": "100"}, "missing_lines": [], "excluded_lines": [], "start_line": 22}, "LLMResponse": {"executed_lines": [], "summary": {"covered_lines": 0, "num_statements": 0, "percent_covered": 100.0, "percent_covered_display": "100", "missing_lines": 0, "excluded_lines": 0, "percent_statements_covered": 100.0, "percent_statements_covered_display": "100"}, "missing_lines": [], "excluded_lines": [], "start_line": 29}, "": {"executed_lines": [], "summary": {"covered_lines": 0, "num_statements": 57, "percent_covered": 0.0, "percent_covered_display": "0", "missing_lines": 57, "excluded_lines": 0, "percent_statements_covered": 0.0, "percent_statements_covered_display": "0"}, "missing_lines": [4, 5, 6, 7, 8, 11, 12, 14, 15, 16, 17, 19, 22, 23, 24, 25, 26, 29, 30, 31, 32, 35, 36, 37, 40, 41, 43, 46, 47, 49, 52, 53, 54, 55, 56, 57, 58, 65, 66, 67, 68, 71, 72, 75, 76, 77, 78, 80, 81, 82, 83, 88, 89, 90, 92, 95, 96], "excluded_lines": [], "start_line": 1}}}, "scripts/mascot_ws_server.py": {"executed_lines": [7, 8, 9, 10, 11, 12, 13, 15, 16, 17, 20, 28, 31, 32, 35, 36, 39, 40, 41, 44, 45, 46, 48, 49, 50, 51, 53, 54, 55, 56, 58, 59, 60, 61, 62, 65, 69, 70, 73, 74, 75, 76, 77, 78, 80, 81, 82, 85, 86, 87, 90, 91, 92, 93, 94, 97, 98, 99, 100, 101, 104, 105, 106, 107, 108, 111, 131], "summary": {"covered_lines": 67, "num_statements": 83, "percent_covered": 80.72289156626506, "percent_covered_display": "81", "missing_lines": 16, "excluded_lines": 0, "percent_statements_covered": 80.72289156626506, "percent_statements_covered_display": "81"}, "missing_lines": [63, 64, 66, 112, 113, 114, 115, 116, 118, 119, 124, 125, 126, 128, 132, 133], "excluded_lines": [], "functions": {"ConnectionManager.__init__": {"executed_lines": [46], "summary": {"covered_lines": 1, "num_statements": 1, "percent_covered": 100.0, "percent_covered_display": "100", "missing_lines": 0, "excluded_lines": 0, "percent_statements_covered": 100.0, "percent_statements_covered_display": "100"}, "missing_lines": [], "excluded_lines": [], "start_line": 45}, "ConnectionManager.connect": {"executed_lines": [49, 50, 51], "summary": {"covered_lines": 3, "num_statements": 3, "percent_covered": 100.0, "percent_covered_display": "100", "missing_lines": 0, "excluded_lines": 0, "percent_statements_covered": 100.0, "percent_statements_covered_display": "100"}, "missing_lines": [], "excluded_lines": [], "start_line": 48}, "ConnectionManager.disconnect": {"executed_lines": [54, 55, 56], "summary": {"covered_lines": 3, "num_statements": 3, "percent_covered": 100.0, "percent_covered_display": "100", "missing_lines": 0, "excluded_lines": 0, "percent_statements_covered": 100.0, "percent_statements_covered_display": "100"}, "missing_lines": [], "excluded_lines": [], "start_line": 53}, "ConnectionManager.broadcast": {"executed_lines": [59, 60, 61, 62, 65], "summary": {"covered_lines": 5, "num_statements": 8, "percent_covered": 62.5, "percent_covered_display": "62", "missing_lines": 3, "excluded_lines": 0, "percent_statements_covered": 62.5, "percent_statements_covered_display": "62"}, "missing_lines": [63, 64, 66], "excluded_lines": [], "start_line": 58}, "mascot_ws": {"executed_lines": [75, 76, 77, 78, 80, 81, 82], "summary": {"covered_lines": 7, "num_statements": 7, "percent_covered": 100.0, "percent_covered_display": "100", "missing_lines": 0, "excluded_lines": 0, "percent_statements_covered": 100.0, "percent_statements_covered_display": "100"}, "missing_lines": [], "excluded_lines": [], "start_line": 74}, "health": {"executed_lines": [87], "summary": {"covered_lines": 1, "num_statements": 1, "percent_covered": 100.0, "percent_covered_display": "100", "missing_lines": 0, "excluded_lines": 0, "percent_statements_covered": 100.0, "percent_statements_covered_display": "100"}, "missing_lines": [], "excluded_lines": [], "start_line": 86}, "event_state": {"executed_lines": [92, 93, 94], "summary": {"covered_lines": 3, "num_statements": 3, "percent_covered": 100.0, "percent_covered_display": "100", "missing_lines": 0, "excluded_lines": 0, "percent_statements_covered": 100.0, "percent_statements_covered_display": "100"}, "missing_lines": [], "excluded_lines": [], "start_line": 91}, "event_emotion": {"executed_lines": [99, 100, 101], "summary": {"covered_lines": 3, "num_statements": 3, "percent_covered": 100.0, "percent_covered_display": "100", "missing_lines": 0, "excluded_lines": 0, "percent_statements_covered": 100.0, "percent_statements_covered_display": "100"}, "missing_lines": [], "excluded_lines": [], "start_line": 98}, "event_tts": {"executed_lines": [106, 107, 108], "summary": {"covered_lines": 3, "num_statements": 3, "percent_covered": 100.0, "percent_covered_display": "100", "missing_lines": 0, "excluded_lines": 0, "percent_statements_covered": 100.0, "percent_statements_covered_display": "100"}, "missing_lines": [], "excluded_lines": [], "start_line": 105}, "main": {"executed_lines": [], "summary": {"covered_lines": 0, "num_statements": 11, "percent_covered": 0.0, "percent_covered_display": "0", "missing_lines": 11, "excluded_lines": 0, "percent_statements_covered": 0.0, "percent_statements_covered_display": "0"}, "missing_lines": [112, 113, 114, 115, 116, 118, 119, 124, 125, 126, 128], "excluded_lines": [], "start_line": 111}, "": {"executed_lines": [7, 8, 9, 10, 11, 12, 13, 15, 16, 17, 20, 28, 31, 32, 35, 36, 39, 40, 41, 44, 45, 48, 53, 58, 69, 70, 73, 74, 85, 86, 90, 91, 97, 98, 104, 105, 111, 131], "summary": {"covered_lines": 38, "num_statements": 40, "percent_covered": 95.0, "percent_covered_display": "95", "missing_lines": 2, "excluded_lines": 0, "percent_statements_covered": 95.0, "percent_statements_covered_display": "95"}, "missing_lines": [132, 133], "excluded_lines": [], "start_line": 1}}, "classes": {"StateEvent": {"executed_lines": [], "summary": {"covered_lines": 0, "num_statements": 0, "percent_covered": 100.0, "percent_covered_display": "100", "missing_lines": 0, "excluded_lines": 0, "percent_statements_covered": 100.0, "percent_statements_covered_display": "100"}, "missing_lines": [], "excluded_lines": [], "start_line": 31}, "EmotionEvent": {"executed_lines": [], "summary": {"covered_lines": 0, "num_statements": 0, "percent_covered": 100.0, "percent_covered_display": "100", "missing_lines": 0, "excluded_lines": 0, "percent_statements_covered": 100.0, "percent_statements_covered_display": "100"}, "missing_lines": [], "excluded_lines": [], "start_line": 35}, "TtsEvent": {"executed_lines": [], "summary": {"covered_lines": 0, "num_statements": 0, "percent_covered": 100.0, "percent_covered_display": "100", "missing_lines": 0, "excluded_lines": 0, "percent_statements_covered": 100.0, "percent_statements_covered_display": "100"}, "missing_lines": [], "excluded_lines": [], "start_line": 39}, "ConnectionManager": {"executed_lines": [46, 49, 50, 51, 54, 55, 56, 59, 60, 61, 62, 65], "summary": {"covered_lines": 12, "num_statements": 15, "percent_covered": 80.0, "percent_covered_display": "80", "missing_lines": 3, "excluded_lines": 0, "percent_statements_covered": 80.0, "percent_statements_covered_display": "80"}, "missing_lines": [63, 64, 66], "excluded_lines": [], "start_line": 44}, "": {"executed_lines": [7, 8, 9, 10, 11, 12, 13, 15, 16, 17, 20, 28, 31, 32, 35, 36, 39, 40, 41, 44, 45, 48, 53, 58, 69, 70, 73, 74, 75, 76, 77, 78, 80, 81, 82, 85, 86, 87, 90, 91, 92, 93, 94, 97, 98, 99, 100, 101, 104, 105, 106, 107, 108, 111, 131], "summary": {"covered_lines": 55, "num_statements": 68, "percent_covered": 80.88235294117646, "percent_covered_display": "81", "missing_lines": 13, "excluded_lines": 0, "percent_statements_covered": 80.88235294117646, "percent_statements_covered_display": "81"}, "missing_lines": [112, 113, 114, 115, 116, 118, 119, 124, 125, 126, 128, 132, 133], "excluded_lines": [], "start_line": 1}}}, "scripts/merge_char_sources.py": {"executed_lines": [2, 3, 4, 5, 6, 7, 8, 10, 11, 14, 15, 16, 17, 18, 19, 22, 28, 29, 30, 31, 34, 37, 39, 42, 43, 46, 52, 54, 55, 56, 58, 59, 60, 63, 64, 65, 67, 68, 69, 70, 73, 76, 82, 93, 119, 120, 121, 122, 123, 124, 129, 156, 163, 164, 166, 167, 168, 170, 171, 172, 174, 175, 178, 179, 180, 181, 183, 184, 185, 186, 187, 188, 189, 190, 191, 192, 193, 194, 195, 196, 197, 198, 199, 200, 201, 202, 205, 206, 207, 212, 213, 221, 222, 223, 229, 230, 231, 234, 249, 250, 251, 252, 253, 255, 264, 265, 267, 270, 279, 289, 291, 292, 295, 297, 298, 299, 300, 301, 302, 303, 305, 306, 307, 308, 311, 312, 313, 314, 316, 317, 322, 323, 324, 325, 327, 330, 361], "summary": {"covered_lines": 137, "num_statements": 216, "percent_covered": 63.425925925925924, "percent_covered_display": "63", "missing_lines": 79, "excluded_lines": 0, "percent_statements_covered": 63.425925925925924, "percent_statements_covered_display": "63"}, "missing_lines": [32, 61, 71, 72, 77, 78, 79, 83, 84, 85, 86, 87, 88, 89, 90, 95, 96, 97, 98, 99, 100, 101, 102, 103, 104, 105, 106, 107, 108, 110, 111, 112, 113, 114, 115, 116, 125, 126, 135, 142, 143, 148, 149, 150, 151, 152, 153, 208, 209, 211, 214, 216, 217, 218, 272, 273, 274, 275, 276, 318, 319, 320, 331, 332, 333, 334, 335, 336, 337, 338, 339, 341, 343, 344, 345, 346, 348, 358, 362], "excluded_lines": [], "functions": {"slugify": {"executed_lines": [15, 16, 17, 18, 19], "summary": {"covered_lines": 5, "num_statements": 5, "percent_covered": 100.0, "percent_covered_display": "100", "missing_lines": 0, "excluded_lines": 0, "percent_statements_covered": 100.0, "percent_statements_covered_display": "100"}, "missing_lines": [], "excluded_lines": [], "start_line": 14}, "_prefix_word_match": {"executed_lines": [28, 29, 30, 31, 34, 37, 39, 42, 43], "summary": {"covered_lines": 9, "num_statements": 10, "percent_covered": 90.0, "percent_covered_display": "90", "missing_lines": 1, "excluded_lines": 0, "percent_statements_covered": 90.0, "percent_statements_covered_display": "90"}, "missing_lines": [32], "excluded_lines": [], "start_line": 22}, "fuzzy_match_chars": {"executed_lines": [52, 54, 55, 56, 58, 59, 60, 63, 64, 65, 67, 68, 69, 70, 73], "summary": {"covered_lines": 15, "num_statements": 18, "percent_covered": 83.33333333333333, "percent_covered_display": "83", "missing_lines": 3, "excluded_lines": 0, "percent_statements_covered": 83.33333333333333, "percent_statements_covered_display": "83"}, "missing_lines": [61, 71, 72], "excluded_lines": [], "start_line": 46}, "load_tuppers": {"executed_lines": [], "summary": {"covered_lines": 0, "num_statements": 3, "percent_covered": 0.0, "percent_covered_display": "0", "missing_lines": 3, "excluded_lines": 0, "percent_statements_covered": 0.0, "percent_statements_covered_display": "0"}, "missing_lines": [77, 78, 79], "excluded_lines": [], "start_line": 76}, "load_discord_sheets": {"executed_lines": [], "summary": {"covered_lines": 0, "num_statements": 8, "percent_covered": 0.0, "percent_covered_display": "0", "missing_lines": 8, "excluded_lines": 0, "percent_statements_covered": 0.0, "percent_statements_covered_display": "0"}, "missing_lines": [83, 84, 85, 86, 87, 88, 89, 90], "excluded_lines": [], "start_line": 82}, "load_corpus_samples": {"executed_lines": [], "summary": {"covered_lines": 0, "num_statements": 21, "percent_covered": 0.0, "percent_covered_display": "0", "missing_lines": 21, "excluded_lines": 0, "percent_statements_covered": 0.0, "percent_statements_covered_display": "0"}, "missing_lines": [95, 96, 97, 98, 99, 100, 101, 102, 103, 104, 105, 106, 107, 108, 110, 111, 112, 113, 114, 115, 116], "excluded_lines": [], "start_line": 93}, "_parse_dt": {"executed_lines": [120, 121, 122, 123, 124], "summary": {"covered_lines": 5, "num_statements": 7, "percent_covered": 71.42857142857143, "percent_covered_display": "71", "missing_lines": 2, "excluded_lines": 0, "percent_statements_covered": 71.42857142857143, "percent_statements_covered_display": "71"}, "missing_lines": [125, 126], "excluded_lines": [], "start_line": 119}, "llm_intelligent_merge": {"executed_lines": [], "summary": {"covered_lines": 0, "num_statements": 9, "percent_covered": 0.0, "percent_covered_display": "0", "missing_lines": 9, "excluded_lines": 0, "percent_statements_covered": 0.0, "percent_statements_covered_display": "0"}, "missing_lines": [135, 142, 143, 148, 149, 150, 151, 152, 153], "excluded_lines": [], "start_line": 129}, "merge_char": {"executed_lines": [163, 164, 166, 167, 168, 170, 171, 172, 174, 175, 178, 179, 180, 181, 183, 184, 185, 186, 187, 188, 189, 190, 191, 192, 193, 194, 195, 196, 197, 198, 199, 200, 201, 202, 205, 206, 207, 212, 213, 221, 222, 223, 229, 230, 231, 234, 249, 250, 251, 252, 253, 255, 264, 265, 267], "summary": {"covered_lines": 55, "num_statements": 62, "percent_covered": 88.70967741935483, "percent_covered_display": "89", "missing_lines": 7, "excluded_lines": 0, "percent_statements_covered": 88.70967741935483, "percent_statements_covered_display": "89"}, "missing_lines": [208, 209, 211, 214, 216, 217, 218], "excluded_lines": [], "start_line": 156}, "load_alias_map": {"executed_lines": [], "summary": {"covered_lines": 0, "num_statements": 5, "percent_covered": 0.0, "percent_covered_display": "0", "missing_lines": 5, "excluded_lines": 0, "percent_statements_covered": 0.0, "percent_statements_covered_display": "0"}, "missing_lines": [272, 273, 274, 275, 276], "excluded_lines": [], "start_line": 270}, "merge_all": {"executed_lines": [289, 291, 292, 295, 297, 298, 299, 300, 301, 302, 303, 305, 306, 307, 308, 311, 312, 313, 314, 316, 317, 322, 323, 324, 325, 327], "summary": {"covered_lines": 26, "num_statements": 29, "percent_covered": 89.65517241379311, "percent_covered_display": "90", "missing_lines": 3, "excluded_lines": 0, "percent_statements_covered": 89.65517241379311, "percent_statements_covered_display": "90"}, "missing_lines": [318, 319, 320], "excluded_lines": [], "start_line": 279}, "main": {"executed_lines": [], "summary": {"covered_lines": 0, "num_statements": 16, "percent_covered": 0.0, "percent_covered_display": "0", "missing_lines": 16, "excluded_lines": 0, "percent_statements_covered": 0.0, "percent_statements_covered_display": "0"}, "missing_lines": [331, 332, 333, 334, 335, 336, 337, 338, 339, 341, 343, 344, 345, 346, 348, 358], "excluded_lines": [], "start_line": 330}, "": {"executed_lines": [2, 3, 4, 5, 6, 7, 8, 10, 11, 14, 22, 46, 76, 82, 93, 119, 129, 156, 270, 279, 330, 361], "summary": {"covered_lines": 22, "num_statements": 23, "percent_covered": 95.65217391304348, "percent_covered_display": "96", "missing_lines": 1, "excluded_lines": 0, "percent_statements_covered": 95.65217391304348, "percent_statements_covered_display": "96"}, "missing_lines": [362], "excluded_lines": [], "start_line": 1}}, "classes": {"": {"executed_lines": [2, 3, 4, 5, 6, 7, 8, 10, 11, 14, 15, 16, 17, 18, 19, 22, 28, 29, 30, 31, 34, 37, 39, 42, 43, 46, 52, 54, 55, 56, 58, 59, 60, 63, 64, 65, 67, 68, 69, 70, 73, 76, 82, 93, 119, 120, 121, 122, 123, 124, 129, 156, 163, 164, 166, 167, 168, 170, 171, 172, 174, 175, 178, 179, 180, 181, 183, 184, 185, 186, 187, 188, 189, 190, 191, 192, 193, 194, 195, 196, 197, 198, 199, 200, 201, 202, 205, 206, 207, 212, 213, 221, 222, 223, 229, 230, 231, 234, 249, 250, 251, 252, 253, 255, 264, 265, 267, 270, 279, 289, 291, 292, 295, 297, 298, 299, 300, 301, 302, 303, 305, 306, 307, 308, 311, 312, 313, 314, 316, 317, 322, 323, 324, 325, 327, 330, 361], "summary": {"covered_lines": 137, "num_statements": 216, "percent_covered": 63.425925925925924, "percent_covered_display": "63", "missing_lines": 79, "excluded_lines": 0, "percent_statements_covered": 63.425925925925924, "percent_statements_covered_displa
[...]
0, 163, 164, 166, 169, 191], "summary": {"covered_lines": 64, "num_statements": 91, "percent_covered": 70.32967032967034, "percent_covered_display": "70", "missing_lines": 27, "excluded_lines": 0, "percent_statements_covered": 70.32967032967034, "percent_statements_covered_display": "70"}, "missing_lines": [59, 60, 77, 92, 97, 98, 121, 122, 127, 128, 130, 131, 132, 133, 134, 135, 161, 170, 173, 174, 177, 182, 184, 185, 186, 188, 192], "excluded_lines": [], "functions": {"_check_espeak": {"executed_lines": [52, 53, 58], "summary": {"covered_lines": 3, "num_statements": 5, "percent_covered": 60.0, "percent_covered_display": "60", "missing_lines": 2, "excluded_lines": 0, "percent_statements_covered": 60.0, "percent_statements_covered_display": "60"}, "missing_lines": [59, 60], "excluded_lines": [], "start_line": 50}, "get_phonemes_espeak": {"executed_lines": [68, 69, 75, 76, 79, 80, 82, 83, 85, 86, 87, 89, 90, 91, 93, 94, 96], "summary": {"covered_lines": 17, "num_statements": 21, "percent_covered": 80.95238095238095, "percent_covered_display": "81", "missing_lines": 4, "excluded_lines": 0, "percent_statements_covered": 80.95238095238095, "percent_statements_covered_display": "81"}, "missing_lines": [77, 92, 97, 98], "excluded_lines": [], "start_line": 63}, "estimate_timing": {"executed_lines": [103, 104, 105, 106, 107, 108, 109], "summary": {"covered_lines": 7, "num_statements": 7, "percent_covered": 100.0, "percent_covered_display": "100", "missing_lines": 0, "excluded_lines": 0, "percent_statements_covered": 100.0, "percent_statements_covered_display": "100"}, "missing_lines": [], "excluded_lines": [], "start_line": 101}, "generate_wav_espeak": {"executed_lines": [114, 115, 120], "summary": {"covered_lines": 3, "num_statements": 5, "percent_covered": 60.0, "percent_covered_display": "60", "missing_lines": 2, "excluded_lines": 0, "percent_statements_covered": 60.0, "percent_statements_covered_display": "60"}, "missing_lines": [121, 122], "excluded_lines": [], "start_line": 112}, "generate_wav_pyttsx3": {"executed_lines": [], "summary": {"covered_lines": 0, "num_statements": 8, "percent_covered": 0.0, "percent_covered_display": "0", "missing_lines": 8, "excluded_lines": 0, "percent_statements_covered": 0.0, "percent_statements_covered_display": "0"}, "missing_lines": [127, 128, 130, 131, 132, 133, 134, 135], "excluded_lines": [], "start_line": 125}, "export_phonemes": {"executed_lines": [145, 146, 147, 149, 152, 153, 156, 157, 158, 159, 160, 163, 164, 166], "summary": {"covered_lines": 14, "num_statements": 15, "percent_covered": 93.33333333333333, "percent_covered_display": "93", "missing_lines": 1, "excluded_lines": 0, "percent_statements_covered": 93.33333333333333, "percent_statements_covered_display": "93"}, "missing_lines": [161], "excluded_lines": [], "start_line": 138}, "main": {"executed_lines": [], "summary": {"covered_lines": 0, "num_statements": 9, "percent_covered": 0.0, "percent_covered_display": "0", "missing_lines": 9, "excluded_lines": 0, "percent_statements_covered": 0.0, "percent_statements_covered_display": "0"}, "missing_lines": [170, 173, 174, 177, 182, 184, 185, 186, 188], "excluded_lines": [], "start_line": 169}, "": {"executed_lines": [7, 8, 9, 10, 11, 12, 13, 15, 28, 31, 37, 47, 50, 63, 101, 112, 125, 138, 169, 191], "summary": {"covered_lines": 20, "num_statements": 21, "percent_covered": 95.23809523809524, "percent_covered_display": "95", "missing_lines": 1, "excluded_lines": 0, "percent_statements_covered": 95.23809523809524, "percent_statements_covered_display": "95"}, "missing_lines": [192], "excluded_lines": [], "start_line": 1}}, "classes": {"": {"executed_lines": [7, 8, 9, 10, 11, 12, 13, 15, 28, 31, 37, 47, 50, 52, 53, 58, 63, 68, 69, 75, 76, 79, 80, 82, 83, 85, 86, 87, 89, 90, 91, 93, 94, 96, 101, 103, 104, 105, 106, 107, 108, 109, 112, 114, 115, 120, 125, 138, 145, 146, 147, 149, 152, 153, 156, 157, 158, 159, 160, 163, 164, 166, 169, 191], "summary": {"covered_lines": 64, "num_statements": 91, "percent_covered": 70.32967032967034, "percent_covered_display": "70", "missing_lines": 27, "excluded_lines": 0, "percent_statements_covered": 70.32967032967034, "percent_statements_covered_display": "70"}, "missing_lines": [59, 60, 77, 92, 97, 98, 121, 122, 127, 128, 130, 131, 132, 133, 134, 135, 161, 170, 173, 174, 177, 182, 184, 185, 186, 188, 192], "excluded_lines": [], "start_line": 1}}}, "scripts/tts_speak.py": {"executed_lines": [16, 17, 18, 19, 20, 21, 22, 23, 24, 25, 26, 28, 29, 30, 31, 32, 35, 40, 43, 44, 45, 46, 49, 50, 51, 53, 54, 57, 60, 62, 63, 64, 65, 66, 67, 68, 71, 72, 73, 74, 77, 88, 95, 114, 115, 116, 117, 119, 120, 121, 122, 123, 125, 126, 127, 131, 132, 133, 134, 136, 138, 141, 144, 145, 146, 155, 157, 158, 161, 163, 164, 165, 166, 167, 168, 169, 170, 172, 176, 181, 183, 186, 188, 189, 190, 191, 192, 194, 195, 196, 197, 198, 199, 200, 201, 203, 204, 205, 206, 207, 210, 221, 222, 225, 226, 228, 229, 230, 231, 232, 233, 234, 235, 237, 239, 240, 241, 253, 256, 299], "summary": {"covered_lines": 120, "num_statements": 181, "percent_covered": 66.29834254143647, "percent_covered_display": "66", "missing_lines": 61, "excluded_lines": 0, "percent_statements_covered": 66.29834254143647, "percent_statements_covered_display": "66"}, "missing_lines": [52, 78, 79, 80, 84, 85, 89, 90, 91, 92, 128, 129, 139, 147, 148, 173, 174, 175, 177, 178, 223, 242, 243, 244, 245, 246, 248, 249, 250, 251, 257, 258, 259, 260, 261, 262, 263, 267, 269, 270, 271, 272, 274, 276, 277, 278, 280, 281, 283, 284, 285, 286, 287, 289, 290, 291, 293, 294, 295, 296, 300], "excluded_lines": [], "functions": {"_piper_model_path": {"executed_lines": [44, 45, 46], "summary": {"covered_lines": 3, "num_statements": 3, "percent_covered": 100.0, "percent_covered_display": "100", "missing_lines": 0, "excluded_lines": 0, "percent_statements_covered": 100.0, "percent_statements_covered_display": "100"}, "missing_lines": [], "excluded_lines": [], "start_line": 43}, "_piper_available": {"executed_lines": [50, 51, 53, 54], "summary": {"covered_lines": 4, "num_statements": 5, "percent_covered": 80.0, "percent_covered_display": "80", "missing_lines": 1, "excluded_lines": 0, "percent_statements_covered": 80.0, "percent_statements_covered_display": "80"}, "missing_lines": [52], "excluded_lines": [], "start_line": 49}, "_get_pyttsx3_engine": {"executed_lines": [62, 63, 64, 65, 66, 67, 68], "summary": {"covered_lines": 7, "num_statements": 7, "percent_covered": 100.0, "percent_covered_display": "100", "missing_lines": 0, "excluded_lines": 0, "percent_statements_covered": 100.0, "percent_statements_covered_display": "100"}, "missing_lines": [], "excluded_lines": [], "start_line": 60}, "_synth_pyttsx3": {"executed_lines": [72, 73, 74], "summary": {"covered_lines": 3, "num_statements": 3, "percent_covered": 100.0, "percent_covered_display": "100", "missing_lines": 0, "excluded_lines": 0, "percent_statements_covered": 100.0, "percent_statements_covered_display": "100"}, "missing_lines": [], "excluded_lines": [], "start_line": 71}, "_synth_piper": {"executed_lines": [], "summary": {"covered_lines": 0, "num_statements": 5, "percent_covered": 0.0, "percent_covered_display": "0", "missing_lines": 5, "excluded_lines": 0, "percent_statements_covered": 0.0, "percent_statements_covered_display": "0"}, "missing_lines": [78, 79, 80, 84, 85], "excluded_lines": [], "start_line": 77}, "_play_wav": {"executed_lines": [], "summary": {"covered_lines": 0, "num_statements": 4, "percent_covered": 0.0, "percent_covered_display": "0", "missing_lines": 4, "excluded_lines": 0, "percent_statements_covered": 0.0, "percent_statements_covered_display": "0"}, "missing_lines": [89, 90, 91, 92], "excluded_lines": [], "start_line": 88}, "tts_speak": {"executed_lines": [114, 115, 116, 117, 119, 120, 121, 122, 123, 125, 126, 127, 131, 132, 133, 134, 136, 138, 141, 144, 145, 146], "summary": {"covered_lines": 22, "num_statements": 27, "percent_covered": 81.48148148148148, "percent_covered_display": "81", "missing_lines": 5, "excluded_lines": 0, "percent_statements_covered": 81.48148148148148, "percent_statements_covered_display": "81"}, "missing_lines": [128, 129, 139, 147, 148], "excluded_lines": [], "start_line": 95}, "_split_sentences": {"executed_lines": [157, 158], "summary": {"covered_lines": 2, "num_statements": 2, "percent_covered": 100.0, "percent_covered_display": "100", "missing_lines": 0, "excluded_lines": 0, "percent_statements_covered": 100.0, "percent_statements_covered_display": "100"}, "missing_lines": [], "excluded_lines": [], "start_line": 155}, "_detect_lang": {"executed_lines": [163, 164, 165, 166, 167, 168, 169, 170, 172, 176], "summary": {"covered_lines": 10, "num_statements": 15, "percent_covered": 66.66666666666667, "percent_covered_display": "67", "missing_lines": 5, "excluded_lines": 0, "percent_statements_covered": 66.66666666666667, "percent_statements_covered_display": "67"}, "missing_lines": [173, 174, 175, 177, 178], "excluded_lines": [], "start_line": 161}, "_majority_lang": {"executed_lines": [183], "summary": {"covered_lines": 1, "num_statements": 1, "percent_covered": 100.0, "percent_covered_display": "100", "missing_lines": 0, "excluded_lines": 0, "percent_statements_covered": 100.0, "percent_statements_covered_display": "100"}, "missing_lines": [], "excluded_lines": [], "start_line": 181}, "_concat_wav_chunks": {"executed_lines": [188, 189, 190, 191, 192, 194, 195, 196, 197, 198, 199, 200, 201, 203, 204, 205, 206, 207], "summary": {"covered_lines": 18, "num_statements": 18, "percent_covered": 100.0, "percent_covered_display": "100", "missing_lines": 0, "excluded_lines": 0, "percent_statements_covered": 100.0, "percent_statements_covered_display": "100"}, "missing_lines": [], "excluded_lines": [], "start_line": 186}, "tts_speak_bilingual": {"executed_lines": [221, 222, 225, 226, 228, 229, 230, 231, 232, 233, 234, 235, 237, 239, 240, 241, 253], "summary": {"covered_lines": 17, "num_statements": 27, "percent_covered": 62.96296296296296, "percent_covered_display": "63", "missing_lines": 10, "excluded_lines": 0, "percent_statements_covered": 62.96296296296296, "percent_statements_covered_display": "63"}, "missing_lines": [223, 242, 243, 244, 245, 246, 248, 249, 250, 251], "excluded_lines": [], "start_line": 210}, "main": {"executed_lines": [], "summary": {"covered_lines": 0, "num_statements": 30, "percent_covered": 0.0, "percent_covered_display": "0", "missing_lines": 30, "excluded_lines": 0, "percent_statements_covered": 0.0, "percent_statements_covered_display": "0"}, "missing_lines": [257, 258, 259, 260, 261, 262, 263, 267, 269, 270, 271, 272, 274, 276, 277, 278, 280, 281, 283, 284, 285, 286, 287, 289, 290, 291, 293, 294, 295, 296], "excluded_lines": [], "start_line": 256}, "": {"executed_lines": [16, 17, 18, 19, 20, 21, 22, 23, 24, 25, 26, 28, 29, 30, 31, 32, 35, 40, 43, 49, 57, 60, 71, 77, 88, 95, 155, 161, 181, 186, 210, 256, 299], "summary": {"covered_lines": 33, "num_statements": 34, "percent_covered": 97.05882352941177, "percent_covered_display": "97", "missing_lines": 1, "excluded_lines": 0, "percent_statements_covered": 97.05882352941177, "percent_statements_covered_display": "97"}, "missing_lines": [300], "excluded_lines": [], "start_line": 1}}, "classes": {"": {"executed_lines": [16, 17, 18, 19, 20, 21, 22, 23, 24, 25, 26, 28, 29, 30, 31, 32, 35, 40, 43, 44, 45, 46, 49, 50, 51, 53, 54, 57, 60, 62, 63, 64, 65, 66, 67, 68, 71, 72, 73, 74, 77, 88, 95, 114, 115, 116, 117, 119, 120, 121, 122, 123, 125, 126, 127, 131, 132, 133, 134, 136, 138, 141, 144, 145, 146, 155, 157, 158, 161, 163, 164, 165, 166, 167, 168, 169, 170, 172, 176, 181, 183, 186, 188, 189, 190, 191, 192, 194, 195, 196, 197, 198, 199, 200, 201, 203, 204, 205, 206, 207, 210, 221, 222, 225, 226, 228, 229, 230, 231, 232, 233, 234, 235, 237, 239, 240, 241, 253, 256, 299], "summary": {"covered_lines": 120, "num_statements": 181, "percent_covered": 66.29834254143647, "percent_covered_display": "66", "missing_lines": 61, "excluded_lines": 0, "percent_statements_covered": 66.29834254143647, "percent_statements_covered_display": "66"}, "missing_lines": [52, 78, 79, 80, 84, 85, 89, 90, 91, 92, 128, 129, 139, 147, 148, 173, 174, 175, 177, 178, 223, 242, 243, 244, 245, 246, 248, 249, 250, 251, 257, 258, 259, 260, 261, 262, 263, 267, 269, 270, 271, 272, 274, 276, 277, 278, 280, 281, 283, 284, 285, 286, 287, 289, 290, 291, 293, 294, 295, 296, 300], "excluded_lines": [], "start_line": 1}}}, "scripts/twitch_bot.py": {"executed_lines": [12, 13, 14, 15, 17, 19, 20, 21, 27, 33, 35, 40, 42, 43, 44, 45, 46, 49, 51, 52, 53, 54, 55, 56, 59, 60, 63, 64, 67, 68, 73, 147, 168], "summary": {"covered_lines": 33, "num_statements": 104, "percent_covered": 31.73076923076923, "percent_covered_display": "32", "missing_lines": 71, "excluded_lines": 0, "percent_statements_covered": 31.73076923076923, "percent_statements_covered_display": "32"}, "missing_lines": [22, 23, 76, 78, 79, 80, 86, 87, 88, 90, 91, 93, 94, 95, 96, 98, 99, 100, 101, 102, 103, 104, 105, 106, 107, 108, 109, 110, 111, 112, 114, 115, 116, 117, 118, 119, 120, 121, 122, 123, 124, 125, 126, 127, 128, 130, 131, 132, 133, 134, 135, 136, 137, 138, 139, 140, 141, 142, 144, 148, 149, 150, 151, 152, 154, 160, 161, 162, 164, 165, 169], "excluded_lines": [], "functions": {"check_cooldown": {"executed_lines": [42, 43, 44, 45, 46], "summary": {"covered_lines": 5, "num_statements": 5, "percent_covered": 100.0, "percent_covered_display": "100", "missing_lines": 0, "excluded_lines": 0, "percent_statements_covered": 100.0, "percent_statements_covered_display": "100"}, "missing_lines": [], "excluded_lines": [], "start_line": 40}, "push_event": {"executed_lines": [51, 52, 53, 54, 55, 56], "summary": {"covered_lines": 6, "num_statements": 6, "percent_covered": 100.0, "percent_covered_display": "100", "missing_lines": 0, "excluded_lines": 0, "percent_statements_covered": 100.0, "percent_statements_covered_display": "100"}, "missing_lines": [], "excluded_lines": [], "start_line": 49}, "build_scene_payload": {"executed_lines": [60], "summary": {"covered_lines": 1, "num_statements": 1, "percent_covered": 100.0, "percent_covered_display": "100", "missing_lines": 0, "excluded_lines": 0, "percent_statements_covered": 100.0, "percent_statements_covered_display": "100"}, "missing_lines": [], "excluded_lines": [], "start_line": 59}, "build_mood_payload": {"executed_lines": [64], "summary": {"covered_lines": 1, "num_statements": 1, "percent_covered": 100.0, "percent_covered_display": "100", "missing_lines": 0, "excluded_lines": 0, "percent_statements_covered": 100.0, "percent_statements_covered_display": "100"}, "missing_lines": [], "excluded_lines": [], "start_line": 63}, "build_state_payload": {"executed_lines": [68], "summary": {"covered_lines": 1, "num_statements": 1, "percent_covered": 100.0, "percent_covered_display": "100", "missing_lines": 0, "excluded_lines": 0, "percent_statements_covered": 100.0, "percent_statements_covered_display": "100"}, "missing_lines": [], "excluded_lines": [], "start_line": 67}, "_make_bot": {"executed_lines": [], "summary": {"covered_lines": 0, "num_statements": 11, "percent_covered": 0.0, "percent_covered_display": "0", "missing_lines": 11, "excluded_lines": 0, "percent_statements_covered": 0.0, "percent_statements_covered_display": "0"}, "missing_lines": [76, 78, 79, 90, 93, 98, 99, 114, 115, 130, 144], "excluded_lines": [], "start_line": 73}, "_make_bot.CalliopeBot.__init__": {"executed_lines": [], "summary": {"covered_lines": 0, "num_statements": 4, "percent_covered": 0.0, "percent_covered_display": "0", "missing_lines": 4, "excluded_lines": 0, "percent_statements_covered": 0.0, "percent_statements_covered_display": "0"}, "missing_lines": [80, 86, 87, 88], "excluded_lines": [], "start_line": 79}, "_make_bot.CalliopeBot.event_ready": {"executed_lines": [], "summary": {"covered_lines": 0, "num_statements": 1, "percent_covered": 0.0, "percent_covered_display": "0", "missing_lines": 1, "excluded_lines": 0, "percent_statements_covered": 0.0, "percent_statements_covered_display": "0"}, "missing_lines": [91], "excluded_lines": [], "start_line": 90}, "_make_bot.CalliopeBot.event_message": {"executed_lines": [], "summary": {"covered_lines": 0, "num_statements": 3, "percent_covered": 0.0, "percent_covered_display": "0", "missing_lines": 3, "excluded_lines": 0, "percent_statements_covered": 0.0, "percent_statements_covered_display": "0"}, "missing_lines": [94, 95, 96], "excluded_lines": [], "start_line": 93}, "_make_bot.CalliopeBot.scene": {"executed_lines": [], "summary": {"covered_lines": 0, "num_statements": 13, "percent_covered": 0.0, "percent_covered_display": "0", "missing_lines": 13, "excluded_lines": 0, "percent_statements_covered": 0.0, "percent_statements_covered_display": "0"}, "missing_lines": [100, 101, 102, 103, 104, 105, 106, 107, 108, 109, 110, 111, 112], "excluded_lines": [], "start_line": 99}, "_make_bot.CalliopeBot.mood": {"executed_lines": [], "summary": {"covered_lines": 0, "num_statements": 13, "percent_covered": 0.0, "percent_covered_display": "0", "missing_lines": 13, "excluded_lines": 0, "percent_statements_covered": 0.0, "percent_statements_covered_display": "0"}, "missing_lines": [116, 117, 118, 119, 120, 121, 122, 123, 124, 125, 126, 127, 128], "excluded_lines": [], "start_line": 115}, "_make_bot.CalliopeBot.event_usernotice": {"executed_lines": [], "summary": {"covered_lines": 0, "num_statements": 12, "percent_covered": 0.0, "percent_covered_display": "0", "missing_lines": 12, "excluded_lines": 0, "percent_statements_covered": 0.0, "percent_statements_covered_display": "0"}, "missing_lines": [131, 132, 133, 134, 135, 136, 137, 138, 139, 140, 141, 142], "excluded_lines": [], "start_line": 130}, "main": {"executed_lines": [], "summary": {"covered_lines": 0, "num_statements": 11, "percent_covered": 0.0, "percent_covered_display": "0", "missing_lines": 11, "excluded_lines": 0, "percent_statements_covered": 0.0, "percent_statements_covered_display": "0"}, "missing_lines": [148, 149, 150, 151, 152, 154, 160, 161, 162, 164, 165], "excluded_lines": [], "start_line": 147}, "": {"executed_lines": [12, 13, 14, 15, 17, 19, 20, 21, 27, 33, 35, 40, 49, 59, 63, 67, 73, 147, 168], "summary": {"covered_lines": 19, "num_statements": 22, "percent_covered": 86.36363636363636, "percent_covered_display": "86", "missing_lines": 3, "excluded_lines": 0, "percent_statements_covered": 86.36363636363636, "percent_statements_covered_display": "86"}, "missing_lines": [22, 23, 169], "excluded_lines": [], "start_line": 1}}, "classes": {"_make_bot.CalliopeBot": {"executed_lines": [], "summary": {"covered_lines": 0, "num_statements": 46, "percent_covered": 0.0, "percent_covered_display": "0", "missing_lines": 46, "excluded_lines": 0, "percent_statements_covered": 0.0, "percent_statements_covered_display": "0"}, "missing_lines": [80, 86, 87, 88, 91, 94, 95, 96, 100, 101, 102, 103, 104, 105, 106, 107, 108, 109, 110, 111, 112, 116, 117, 118, 119, 120, 121, 122, 123, 124, 125, 126, 127, 128, 131, 132, 133, 134, 135, 136, 137, 138, 139, 140, 141, 142], "excluded_lines": [], "start_line": 78}, "": {"executed_lines": [12, 13, 14, 15, 17, 19, 20, 21, 27, 33, 35, 40, 42, 43, 44, 45, 46, 49, 51, 52, 53, 54, 55, 56, 59, 60, 63, 64, 67, 68, 73, 147, 168], "summary": {"covered_lines": 33, "num_statements": 58, "percent_covered": 56.89655172413793, "percent_covered_display": "57", "missing_lines": 25, "excluded_lines": 0, "percent_statements_covered": 56.89655172413793, "percent_statements_covered_display": "57"}, "missing_lines": [22, 23, 76, 78, 79, 90, 93, 98, 99, 114, 115, 130, 144, 148, 149, 150, 151, 152, 154, 160, 161, 162, 164, 165, 169], "excluded_lines": [], "start_line": 1}}}}, "totals": {"covered_lines": 1383, "num_statements": 3117, "percent_covered": 44.36958614051973, "percent_covered_display": "44", "missing_lines": 1734, "excluded_lines": 4, "percent_statements_covered": 44.36958614051973, "percent_statements_covered_display": "44"}}